[14:02:58] [DEBUG] [main] [CYAN/CYAN] - Preparing to load components...
[14:02:58] [DEBUG] [main] [CYAN/CYAN] - Finding components...
[14:02:58] [INFO ] [main] [CYAN/RATS_COMPONENTS] - Searching for classes annotated with @CYAN_COMPONENT...
[14:02:58] [INFO ] [main] [CYAN/RATS_COMPONENTS] - Found class: org.asf.rats.Memory
[14:02:58] [INFO ] [main] [CYAN/RATS_COMPONENTS] - Found class: org.asf.rats.logging.RatsLoggerBindings
[14:02:58] [INFO ] [main] [CYAN/RATS_COMPONENTS] - Found class: org.asf.rats.service.RatsServiceManager
[14:02:58] [DEBUG] [main] [CYAN/CYAN] - Starting components implementation 'RatsMain'...
[14:02:58] [DEBUG] [main] [CYAN/CYAN] - Loading CyanComponent org.asf.rats.components.RatsComponents...
[14:02:58] [DEBUG] [main] [CYAN/CYAN] - Loading CyanComponent org.asf.rats.Memory...
[14:02:58] [DEBUG] [main] [CYAN/CYAN] - Loading CyanComponent org.asf.rats.logging.RatsLoggerBindings...
[14:02:58] [DEBUG] [main] [CYAN/CYAN] - Loading CyanComponent org.asf.rats.service.RatsServiceManager...
[14:02:58] [DEBUG] [main] [CYAN/CYAN] - Finalizing...
[14:02:58] [INFO ] [main] [RATS-SERVICE-SETUP] - Finding SLIB Coremodules...
[14:02:58] [DEBUG] [main] [CYAN/RATS_COMPONENTS] - Searching for classes of type: org.asf.aos.util.service.extra.slib.coremodule.SlibCoremodule
[14:02:58] [INFO ] [main] [RATS-SERVICE-SETUP] - Loading SLIB Coremodules... Loading embedded regular modules...
[14:02:58] [INFO ] [main] [RATS-SERVICE-SETUP] - Calling SLIB Coremodule early loading methods...
[14:02:58] [INFO ] [main] [RATS-SERVICE-SETUP] - Loading AOS-UTIL service...
[14:02:58] [INFO ] [main] [RATS-SERVICE-SETUP] - Setting up SLIB...
[14:02:58] [INFO ] [main] [RATS-SERVICE-SETUP] - --- SERVICE STARTUP ---
[14:02:58] [DEBUG] [main] [SLIB] - Registering service logger bindings...
[14:02:58] [DEBUG] [main] [SLIB] - Assigning service instance...
[14:02:58] [DEBUG] [main] [SLIB] - Setting dat path...
[14:02:58] [DEBUG] [main] [SLIB] - Assigning wrapper id...
[14:02:58] [INFO ] [main] [SLIB] - Slib is running through the RaTs wrapper, using data path: '/run/media/stefan/Externe HDD/AerialWorks Software Foundation/Development/RATS/run'
[14:02:58] [INFO ] [main] [RATS-SERVICE-SETUP] - Loading remaining core module classes...
[14:02:58] [INFO ] [main] [RATS-SERVICE-SETUP] - Loading remaining core modules...
[14:02:58] [INFO ] [main] [RATS-SERVICE-SETUP] - Loading normal module classes...
[14:02:58] [DEBUG] [main] [CYAN/RATS_COMPONENTS] - Searching for classes of type: org.asf.aos.util.service.ServiceModule
[14:02:58] [DEBUG] [main] [CYAN/RATS_COMPONENTS] - Found class: org.asf.rats.service.RatsClientManager
[14:02:58] [DEBUG] [main] [RATS-SERVICE-SETUP] - Loaded class: org.asf.rats.service.RatsClientManager
[14:02:58] [INFO ] [main] [RATS-SERVICE-SETUP] - Setting up normal modules...
[14:02:58] [DEBUG] [main] [RATS-SERVICE-SETUP] - Registering default state of module slib-clientmanager... Module sate: true
[14:02:58] [DEBUG] [main] [SLIB] - Enabling module: slib-clientmanager...
[14:02:58] [DEBUG] [main] [RATS-SERVICE-SETUP] - Pre-loading modules...
[14:02:58] [DEBUG] [main] [SLIB] - Added module: slib-clientmanager, calling pre-load...
[14:02:58] [INFO ] [main] [RATS-SERVICE-SETUP] - Registering module processors...
[14:02:58] [INFO ] [main] [SLIB] - Registering processors for module: slib-clientmanager...
[14:02:58] [DEBUG] [main] [CYAN/RATS_COMPONENTS] - Searching for classes of type: org.asf.aos.util.service.extra.slib.processors.ServicePacketProcessor
[14:02:58] [DEBUG] [main] [CYAN/RATS_COMPONENTS] - Found class: org.asf.rats.service.clientmanager.ClientManagerConnectedProcessor
[14:02:58] [DEBUG] [main] [CYAN/RATS_COMPONENTS] - Found class: org.asf.rats.service.clientmanager.ClientManagerDisconnectedProcessor
[14:02:58] [INFO ] [main] [Slib-clientmanager SLib Processor] - Registering packet processor connection, processor packet id: 1152726261715321716
[14:02:58] [INFO ] [main] [Slib-clientmanager SLib Processor] - Registering packet processor disconnection, processor packet id: 1162131152726261715321716
[14:02:58] [INFO ] [main] [RATS-SERVICE-SETUP] - Initializing modules...
[14:02:58] [INFO ] [main] [SLIB] - Initializing module: slib-clientmanager, registering its ServiceModule class...
[14:02:58] [INFO ] [main] [SERVICE] - Loading module: slib-clientmanager...
[14:02:58] [INFO ] [main] [SERVICE] - Loaded module: slib-clientmanager
[14:02:58] [INFO ] [main] [RATS-SERVICE-SETUP] - Loading service jar modules from command line...
[14:02:58] [INFO ] [main] [RATS-SERVICE-SETUP] - Loading low-level ServiceModules...
[14:02:58] [INFO ] [main] [RATS-SERVICE-SETUP] - Starting the AOS-UTIL service...
[14:02:58] [INFO ] [RaTs! Service Thread] [SERVICE] - Initializing modules...
[14:02:58] [INFO ] [RaTs! Service Thread] [SERVICE] - Preparing...
[14:02:58] [INFO ] [RaTs! Service Thread] [SERVICE] - Looking for other instances...
[14:02:58] [INFO ] [RaTs! Service Thread] [SERVICE] - Starting service...
[14:02:58] [INFO ] [RaTs! Service Thread] [SERVICE] - Service PID: 7813
[14:02:58] [INFO ] [RaTs! Service Thread] [SERVICE] - Generating key...
[14:02:58] [INFO ] [RaTs! Service Thread] [SERVICE] - Key generated.
[14:02:58] [INFO ] [RaTs! Service Thread] [SERVICE] - Writing information file...
[14:02:58] [INFO ] [RaTs! Service Thread] [SERVICE] - Done.
[14:02:58] [INFO ] [RaTs! Service Thread] [SERVICE] - Service is waiting for remote commands.
[14:02:59] [INFO ] [main] [RATS-SERVICE-SETUP] - --- SERVICE EXECUTION START ---
[14:02:59] [INFO ] [main] [RATS-SERVICE-SETUP] - Post-initializing modules...
[14:02:59] [INFO ] [main] [SLIB] - Post-initializing module: slib-clientmanager...
[14:02:59] [INFO ] [main] [RATS-SERVICE-SETUP] - Service loading cycle completed.
[14:03:11] [DEBUG] [main] [CYAN/CYAN] - Preparing to load components...
[14:03:11] [DEBUG] [main] [CYAN/CYAN] - Finding components...
[14:03:11] [INFO ] [main] [CYAN/RATS_COMPONENTS] - Searching for classes annotated with @CYAN_COMPONENT...
[14:03:11] [INFO ] [main] [CYAN/RATS_COMPONENTS] - Found class: org.asf.rats.Memory
[14:03:11] [INFO ] [main] [CYAN/RATS_COMPONENTS] - Found class: org.asf.rats.logging.RatsLoggerBindings
[14:03:11] [INFO ] [main] [CYAN/RATS_COMPONENTS] - Found class: org.asf.rats.service.RatsServiceManager
[14:03:11] [DEBUG] [main] [CYAN/CYAN] - Starting components implementation 'RatsMain'...
[14:03:11] [DEBUG] [main] [CYAN/CYAN] - Loading CyanComponent org.asf.rats.components.RatsComponents...
[14:03:11] [DEBUG] [main] [CYAN/CYAN] - Loading CyanComponent org.asf.rats.Memory...
[14:03:12] [DEBUG] [main] [CYAN/CYAN] - Loading CyanComponent org.asf.rats.logging.RatsLoggerBindings...
[14:03:12] [DEBUG] [main] [CYAN/CYAN] - Loading CyanComponent org.asf.rats.service.RatsServiceManager...
[14:03:12] [DEBUG] [main] [CYAN/CYAN] - Finalizing...
[14:03:12] [INFO ] [main] [RATS-SERVICE-SETUP] - Finding SLIB Coremodules...
[14:03:12] [DEBUG] [main] [CYAN/RATS_COMPONENTS] - Searching for classes of type: org.asf.aos.util.service.extra.slib.coremodule.SlibCoremodule
[14:03:12] [INFO ] [main] [RATS-SERVICE-SETUP] - Loading SLIB Coremodules... Loading embedded regular modules...
[14:03:12] [INFO ] [main] [RATS-SERVICE-SETUP] - Calling SLIB Coremodule early loading methods...
[14:03:12] [INFO ] [main] [RATS-SERVICE-SETUP] - Loading AOS-UTIL service...
[14:03:12] [INFO ] [main] [RATS-SERVICE-SETUP] - Setting up SLIB...
[14:03:12] [INFO ] [main] [RATS-SERVICE-SETUP] - --- SERVICE STARTUP ---
[14:03:12] [DEBUG] [main] [SLIB] - Registering service logger bindings...
[14:03:12] [DEBUG] [main] [SLIB] - Assigning service instance...
[14:03:12] [DEBUG] [main] [SLIB] - Setting dat path...
[14:03:12] [DEBUG] [main] [SLIB] - Assigning wrapper id...
[14:03:12] [INFO ] [main] [SLIB] - Slib is running through the RaTs wrapper, using data path: '/run/media/stefan/Externe HDD/AerialWorks Software Foundation/Development/RATS/run'
[14:03:12] [INFO ] [main] [RATS-SERVICE-SETUP] - Loading remaining core module classes...
[14:03:12] [INFO ] [main] [RATS-SERVICE-SETUP] - Loading remaining core modules...
[14:03:12] [INFO ] [main] [RATS-SERVICE-SETUP] - Loading normal module classes...
[14:03:12] [DEBUG] [main] [CYAN/RATS_COMPONENTS] - Searching for classes of type: org.asf.aos.util.service.ServiceModule
[14:03:12] [DEBUG] [main] [CYAN/RATS_COMPONENTS] - Found class: org.asf.rats.service.RatsClientManager
[14:03:12] [DEBUG] [main] [RATS-SERVICE-SETUP] - Loaded class: org.asf.rats.service.RatsClientManager
[14:03:12] [INFO ] [main] [RATS-SERVICE-SETUP] - Setting up normal modules...
[14:03:12] [DEBUG] [main] [RATS-SERVICE-SETUP] - Registering default state of module slib-clientmanager... Module sate: true
[14:03:12] [DEBUG] [main] [SLIB] - Enabling module: slib-clientmanager...
[14:03:12] [DEBUG] [main] [RATS-SERVICE-SETUP] - Pre-loading modules...
[14:03:12] [DEBUG] [main] [SLIB] - Added module: slib-clientmanager, calling pre-load...
[14:03:12] [INFO ] [main] [RATS-SERVICE-SETUP] - Registering module processors...
[14:03:12] [INFO ] [main] [SLIB] - Registering processors for module: slib-clientmanager...
[14:03:12] [DEBUG] [main] [CYAN/RATS_COMPONENTS] - Searching for classes of type: org.asf.aos.util.service.extra.slib.processors.ServicePacketProcessor
[14:03:12] [DEBUG] [main] [CYAN/RATS_COMPONENTS] - Found class: org.asf.rats.service.clientmanager.ClientManagerConnectedProcessor
[14:03:12] [DEBUG] [main] [CYAN/RATS_COMPONENTS] - Found class: org.asf.rats.service.clientmanager.ClientManagerDisconnectedProcessor
[14:03:12] [INFO ] [main] [Slib-clientmanager SLib Processor] - Registering packet processor connection, processor packet id: 1152726261715321716
[14:03:12] [INFO ] [main] [Slib-clientmanager SLib Processor] - Registering packet processor disconnection, processor packet id: 1162131152726261715321716
[14:03:12] [INFO ] [main] [RATS-SERVICE-SETUP] - Initializing modules...
[14:03:12] [INFO ] [main] [SLIB] - Initializing module: slib-clientmanager, registering its ServiceModule class...
[14:03:12] [INFO ] [main] [SERVICE] - Loading module: slib-clientmanager...
[14:03:12] [INFO ] [main] [SERVICE] - Loaded module: slib-clientmanager
[14:03:12] [INFO ] [main] [RATS-SERVICE-SETUP] - Loading service jar modules from command line...
[14:03:12] [INFO ] [main] [RATS-SERVICE-SETUP] - Loading low-level ServiceModules...
[14:03:12] [INFO ] [main] [RATS-SERVICE-SETUP] - Starting the AOS-UTIL service...
[14:03:12] [INFO ] [RaTs! Service Thread] [SERVICE] - Initializing modules...
[14:03:12] [INFO ] [RaTs! Service Thread] [SERVICE] - Preparing...
[14:03:12] [INFO ] [RaTs! Service Thread] [SERVICE] - Looking for other instances...
[14:03:12] [INFO ] [RaTs! Service Thread] [SERVICE] - Starting service...
[14:03:12] [INFO ] [RaTs! Service Thread] [SERVICE] - Service PID: 7864
[14:03:12] [INFO ] [RaTs! Service Thread] [SERVICE] - Generating key...
[14:03:12] [INFO ] [RaTs! Service Thread] [SERVICE] - Key generated.
[14:03:12] [INFO ] [RaTs! Service Thread] [SERVICE] - Writing information file...
[14:03:12] [INFO ] [RaTs! Service Thread] [SERVICE] - Done.
[14:03:12] [INFO ] [RaTs! Service Thread] [SERVICE] - Service is waiting for remote commands.
[14:03:12] [INFO ] [main] [RATS-SERVICE-SETUP] - --- SERVICE EXECUTION START ---
[14:03:12] [INFO ] [main] [RATS-SERVICE-SETUP] - Post-initializing modules...
[14:03:12] [INFO ] [main] [SLIB] - Post-initializing module: slib-clientmanager...
[14:03:12] [INFO ] [main] [RATS-SERVICE-SETUP] - Service loading cycle completed.
[14:03:27] [DEBUG] [main] [CYAN/CYAN] - Preparing to load components...
[14:03:27] [DEBUG] [main] [CYAN/CYAN] - Finding components...
[14:03:27] [INFO ] [main] [CYAN/RATS_COMPONENTS] - Searching for classes annotated with @CYAN_COMPONENT...
[14:03:27] [INFO ] [main] [CYAN/RATS_COMPONENTS] - Found class: org.asf.rats.Memory
[14:03:27] [INFO ] [main] [CYAN/RATS_COMPONENTS] - Found class: org.asf.rats.logging.RatsLoggerBindings
[14:03:27] [INFO ] [main] [CYAN/RATS_COMPONENTS] - Found class: org.asf.rats.service.RatsServiceManager
[14:03:27] [DEBUG] [main] [CYAN/CYAN] - Starting components implementation 'RatsMain'...
[14:03:27] [DEBUG] [main] [CYAN/CYAN] - Loading CyanComponent org.asf.rats.components.RatsComponents...
[14:03:27] [DEBUG] [main] [CYAN/CYAN] - Loading CyanComponent org.asf.rats.Memory...
[14:03:27] [DEBUG] [main] [CYAN/CYAN] - Loading CyanComponent org.asf.rats.logging.RatsLoggerBindings...
[14:03:27] [DEBUG] [main] [CYAN/CYAN] - Loading CyanComponent org.asf.rats.service.RatsServiceManager...
[14:03:27] [DEBUG] [main] [CYAN/CYAN] - Finalizing...
[14:03:27] [INFO ] [main] [RATS-SERVICE-SETUP] - Finding SLIB Coremodules...
[14:03:27] [DEBUG] [main] [CYAN/RATS_COMPONENTS] - Searching for classes of type: org.asf.aos.util.service.extra.slib.coremodule.SlibCoremodule
[14:03:27] [INFO ] [main] [RATS-SERVICE-SETUP] - Loading SLIB Coremodules... Loading embedded regular modules...
[14:03:27] [INFO ] [main] [RATS-SERVICE-SETUP] - Calling SLIB Coremodule early loading methods...
[14:03:27] [INFO ] [main] [RATS-SERVICE-SETUP] - Loading AOS-UTIL service...
[14:03:27] [INFO ] [main] [RATS-SERVICE-SETUP] - Setting up SLIB...
[14:03:27] [INFO ] [main] [RATS-SERVICE-SETUP] - --- SERVICE STARTUP ---
[14:03:27] [DEBUG] [main] [SLIB] - Registering service logger bindings...
[14:03:27] [DEBUG] [main] [SLIB] - Assigning service instance...
[14:03:27] [DEBUG] [main] [SLIB] - Setting dat path...
[14:03:27] [DEBUG] [main] [SLIB] - Assigning wrapper id...
[14:03:27] [INFO ] [main] [SLIB] - Slib is running through the RaTs wrapper, using data path: '/run/media/stefan/Externe HDD/AerialWorks Software Foundation/Development/RATS/run'
[14:03:27] [INFO ] [main] [RATS-SERVICE-SETUP] - Loading remaining core module classes...
[14:03:27] [INFO ] [main] [RATS-SERVICE-SETUP] - Loading remaining core modules...
[14:03:27] [INFO ] [main] [RATS-SERVICE-SETUP] - Loading normal module classes...
[14:03:27] [DEBUG] [main] [CYAN/RATS_COMPONENTS] - Searching for classes of type: org.asf.aos.util.service.ServiceModule
[14:03:27] [DEBUG] [main] [CYAN/RATS_COMPONENTS] - Found class: org.asf.rats.service.RatsClientManager
[14:03:27] [DEBUG] [main] [RATS-SERVICE-SETUP] - Loaded class: org.asf.rats.service.RatsClientManager
[14:03:27] [INFO ] [main] [RATS-SERVICE-SETUP] - Setting up normal modules...
[14:03:27] [DEBUG] [main] [RATS-SERVICE-SETUP] - Registering default state of module slib-clientmanager... Module sate: true
[14:03:27] [DEBUG] [main] [SLIB] - Enabling module: slib-clientmanager...
[14:03:27] [DEBUG] [main] [RATS-SERVICE-SETUP] - Pre-loading modules...
[14:03:27] [DEBUG] [main] [SLIB] - Added module: slib-clientmanager, calling pre-load...
[14:03:27] [INFO ] [main] [RATS-SERVICE-SETUP] - Registering module processors...
[14:03:27] [INFO ] [main] [SLIB] - Registering processors for module: slib-clientmanager...
[14:03:27] [DEBUG] [main] [CYAN/RATS_COMPONENTS] - Searching for classes of type: org.asf.aos.util.service.extra.slib.processors.ServicePacketProcessor
[14:03:27] [DEBUG] [main] [CYAN/RATS_COMPONENTS] - Found class: org.asf.rats.service.clientmanager.ClientManagerConnectedProcessor
[14:03:27] [DEBUG] [main] [CYAN/RATS_COMPONENTS] - Found class: org.asf.rats.service.clientmanager.ClientManagerDisconnectedProcessor
[14:03:27] [INFO ] [main] [Slib-clientmanager SLib Processor] - Registering packet processor connection, processor packet id: 1152726261715321716
[14:03:27] [INFO ] [main] [Slib-clientmanager SLib Processor] - Registering packet processor disconnection, processor packet id: 1162131152726261715321716
[14:03:27] [INFO ] [main] [RATS-SERVICE-SETUP] - Initializing modules...
[14:03:27] [INFO ] [main] [SLIB] - Initializing module: slib-clientmanager, registering its ServiceModule class...
[14:03:27] [INFO ] [main] [SERVICE] - Loading module: slib-clientmanager...
[14:03:27] [INFO ] [main] [SERVICE] - Loaded module: slib-clientmanager
[14:03:27] [INFO ] [main] [RATS-SERVICE-SETUP] - Loading service jar modules from command line...
[14:03:27] [INFO ] [main] [RATS-SERVICE-SETUP] - Loading low-level ServiceModules...
[14:03:27] [INFO ] [main] [RATS-SERVICE-SETUP] - Starting the AOS-UTIL service...
[14:03:27] [INFO ] [RaTs! Service Thread] [SERVICE] - Initializing modules...
[14:03:27] [INFO ] [RaTs! Service Thread] [SERVICE] - Preparing...
[14:03:27] [INFO ] [RaTs! Service Thread] [SERVICE] - Looking for other instances...
[14:03:27] [INFO ] [RaTs! Service Thread] [SERVICE] - Starting service...
[14:03:27] [INFO ] [RaTs! Service Thread] [SERVICE] - Service PID: 7912
[14:03:27] [INFO ] [RaTs! Service Thread] [SERVICE] - Generating key...
[14:03:27] [INFO ] [RaTs! Service Thread] [SERVICE] - Key generated.
[14:03:27] [INFO ] [RaTs! Service Thread] [SERVICE] - Writing information file...
[14:03:27] [INFO ] [RaTs! Service Thread] [SERVICE] - Done.
[14:03:27] [INFO ] [RaTs! Service Thread] [SERVICE] - Service is waiting for remote commands.
[14:03:27] [INFO ] [main] [RATS-SERVICE-SETUP] - --- SERVICE EXECUTION START ---
[14:03:27] [INFO ] [main] [RATS-SERVICE-SETUP] - Post-initializing modules...
[14:03:27] [INFO ] [main] [SLIB] - Post-initializing module: slib-clientmanager...
[14:03:27] [INFO ] [main] [RATS-SERVICE-SETUP] - Service loading cycle completed.
