[13:57:06] [INFO ] [main] [CYAN/RATSS] - Searching for classes annotated with @CYAN_COMPONENT...
[13:57:06] [INFO ] [main] [CYAN/RATSS] - Found class: org.asf.rats.Memory
[13:57:06] [INFO ] [main] [CYAN/RATSS] - Found class: org.asf.rats.logging.RatsLoggerBindings
[13:57:06] [INFO ] [main] [CYAN/RATSS] - Found class: org.asf.rats.service.RatsServiceManager
[13:57:06] [INFO ] [main] [RATS-SERVICE-SETUP] - Finding SLIB Coremodules...
[13:57:06] [INFO ] [main] [RATS-SERVICE-SETUP] - Loading SLIB Coremodules... Loading embedded regular modules...
[13:57:06] [INFO ] [main] [RATS-SERVICE-SETUP] - Calling SLIB Coremodule early loading methods...
[13:57:06] [INFO ] [main] [RATS-SERVICE-SETUP] - Loading AOS-UTIL service...
[13:57:06] [INFO ] [main] [RATS-SERVICE-SETUP] - Setting up SLIB...
[13:57:06] [INFO ] [main] [RATS-SERVICE-SETUP] - --- SERVICE STARTUP ---
[13:57:06] [INFO ] [main] [SLIB] - Slib is running through the RaTs wrapper, using data path: '/run/media/stefan/Externe HDD/AerialWorks Software Foundation/Development/RATS/run'
[13:57:06] [INFO ] [main] [RATS-SERVICE-SETUP] - Loading remaining core module classes...
[13:57:06] [INFO ] [main] [RATS-SERVICE-SETUP] - Loading remaining core modules...
[13:57:06] [INFO ] [main] [RATS-SERVICE-SETUP] - Loading normal module classes...
[13:57:06] [INFO ] [main] [RATS-SERVICE-SETUP] - Setting up normal modules...
[13:57:06] [INFO ] [main] [RATS-SERVICE-SETUP] - Registering module processors...
[13:57:06] [INFO ] [main] [SLIB] - Registering processors for module: slib-clientmanager...
[13:57:06] [INFO ] [main] [Slib-clientmanager SLib Processor] - Registering packet processor connection, processor packet id: 1152726261715321716
[13:57:06] [INFO ] [main] [Slib-clientmanager SLib Processor] - Registering packet processor disconnection, processor packet id: 1162131152726261715321716
[13:57:06] [INFO ] [main] [RATS-SERVICE-SETUP] - Initializing modules...
[13:57:06] [INFO ] [main] [SLIB] - Initializing module: slib-clientmanager, registering its ServiceModule class...
[13:57:06] [INFO ] [main] [SERVICE] - Loading module: slib-clientmanager...
[13:57:06] [INFO ] [main] [SERVICE] - Loaded module: slib-clientmanager
[13:57:06] [INFO ] [main] [RATS-SERVICE-SETUP] - Loading service jar modules from command line...
[13:57:06] [INFO ] [main] [RATS-SERVICE-SETUP] - Loading low-level ServiceModules...
[13:57:06] [INFO ] [main] [RATS-SERVICE-SETUP] - Starting the AOS-UTIL service...
[13:57:06] [INFO ] [RaTs! Service Thread] [SERVICE] - Initializing modules...
[13:57:06] [INFO ] [RaTs! Service Thread] [SERVICE] - Preparing...
[13:57:06] [INFO ] [RaTs! Service Thread] [SERVICE] - Looking for other instances...
[13:57:06] [INFO ] [RaTs! Service Thread] [SERVICE] - Starting service...
[13:57:06] [INFO ] [RaTs! Service Thread] [SERVICE] - Service PID: 7125
[13:57:06] [INFO ] [RaTs! Service Thread] [SERVICE] - Generating key...
[13:57:06] [INFO ] [RaTs! Service Thread] [SERVICE] - Key generated.
[13:57:06] [INFO ] [RaTs! Service Thread] [SERVICE] - Writing information file...
[13:57:06] [INFO ] [RaTs! Service Thread] [SERVICE] - Done.
[13:57:06] [INFO ] [RaTs! Service Thread] [SERVICE] - Service is waiting for remote commands.
[13:57:06] [INFO ] [main] [RATS-SERVICE-SETUP] - --- SERVICE EXECUTION START ---
[13:57:06] [INFO ] [main] [RATS-SERVICE-SETUP] - Post-initializing modules...
[13:57:06] [INFO ] [main] [SLIB] - Post-initializing module: slib-clientmanager...
[13:57:06] [INFO ] [main] [RATS-SERVICE-SETUP] - Service loading cycle completed.
[13:57:29] [INFO ] [main] [CYAN/RATSS] - Searching for classes annotated with @CYAN_COMPONENT...
[13:57:29] [INFO ] [main] [CYAN/RATSS] - Found class: org.asf.rats.Memory
[13:57:29] [INFO ] [main] [CYAN/RATSS] - Found class: org.asf.rats.logging.RatsLoggerBindings
[13:57:29] [INFO ] [main] [CYAN/RATSS] - Found class: org.asf.rats.service.RatsServiceManager
[13:57:29] [INFO ] [main] [RATS-SERVICE-SETUP] - Finding SLIB Coremodules...
[13:57:29] [INFO ] [main] [RATS-SERVICE-SETUP] - Loading SLIB Coremodules... Loading embedded regular modules...
[13:57:29] [INFO ] [main] [RATS-SERVICE-SETUP] - Calling SLIB Coremodule early loading methods...
[13:57:29] [INFO ] [main] [RATS-SERVICE-SETUP] - Loading AOS-UTIL service...
[13:57:29] [INFO ] [main] [RATS-SERVICE-SETUP] - Setting up SLIB...
[13:57:29] [INFO ] [main] [RATS-SERVICE-SETUP] - --- SERVICE STARTUP ---
[13:57:29] [INFO ] [main] [SLIB] - Slib is running through the RaTs wrapper, using data path: '/run/media/stefan/Externe HDD/AerialWorks Software Foundation/Development/RATS/run'
[13:57:29] [INFO ] [main] [RATS-SERVICE-SETUP] - Loading remaining core module classes...
[13:57:29] [INFO ] [main] [RATS-SERVICE-SETUP] - Loading remaining core modules...
[13:57:29] [INFO ] [main] [RATS-SERVICE-SETUP] - Loading normal module classes...
[13:57:29] [INFO ] [main] [RATS-SERVICE-SETUP] - Setting up normal modules...
[13:57:29] [INFO ] [main] [RATS-SERVICE-SETUP] - Registering module processors...
[13:57:29] [INFO ] [main] [SLIB] - Registering processors for module: slib-clientmanager...
[13:57:29] [INFO ] [main] [Slib-clientmanager SLib Processor] - Registering packet processor connection, processor packet id: 1152726261715321716
[13:57:29] [INFO ] [main] [Slib-clientmanager SLib Processor] - Registering packet processor disconnection, processor packet id: 1162131152726261715321716
[13:57:29] [INFO ] [main] [RATS-SERVICE-SETUP] - Initializing modules...
[13:57:29] [INFO ] [main] [SLIB] - Initializing module: slib-clientmanager, registering its ServiceModule class...
[13:57:29] [INFO ] [main] [SERVICE] - Loading module: slib-clientmanager...
[13:57:29] [INFO ] [main] [SERVICE] - Loaded module: slib-clientmanager
[13:57:29] [INFO ] [main] [RATS-SERVICE-SETUP] - Loading service jar modules from command line...
[13:57:29] [INFO ] [main] [RATS-SERVICE-SETUP] - Loading low-level ServiceModules...
[13:57:29] [INFO ] [main] [RATS-SERVICE-SETUP] - Starting the AOS-UTIL service...
[13:57:29] [INFO ] [RaTs! Service Thread] [SERVICE] - Initializing modules...
[13:57:29] [INFO ] [RaTs! Service Thread] [SERVICE] - Preparing...
[13:57:29] [INFO ] [RaTs! Service Thread] [SERVICE] - Looking for other instances...
[13:57:29] [INFO ] [RaTs! Service Thread] [SERVICE] - Starting service...
[13:57:29] [INFO ] [RaTs! Service Thread] [SERVICE] - Service PID: 7183
[13:57:29] [INFO ] [RaTs! Service Thread] [SERVICE] - Generating key...
[13:57:29] [INFO ] [RaTs! Service Thread] [SERVICE] - Key generated.
[13:57:29] [INFO ] [RaTs! Service Thread] [SERVICE] - Writing information file...
[13:57:29] [INFO ] [RaTs! Service Thread] [SERVICE] - Done.
[13:57:29] [INFO ] [RaTs! Service Thread] [SERVICE] - Service is waiting for remote commands.
[13:57:29] [INFO ] [main] [RATS-SERVICE-SETUP] - --- SERVICE EXECUTION START ---
[13:57:29] [INFO ] [main] [RATS-SERVICE-SETUP] - Post-initializing modules...
[13:57:29] [INFO ] [main] [SLIB] - Post-initializing module: slib-clientmanager...
[13:57:29] [INFO ] [main] [RATS-SERVICE-SETUP] - Service loading cycle completed.
[13:58:53] [INFO ] [main] [CYAN/RATSS] - Searching for classes annotated with @CYAN_COMPONENT...
[13:58:53] [INFO ] [main] [CYAN/RATSS] - Found class: org.asf.rats.Memory
[13:58:53] [INFO ] [main] [CYAN/RATSS] - Found class: org.asf.rats.logging.RatsLoggerBindings
[13:58:53] [INFO ] [main] [CYAN/RATSS] - Found class: org.asf.rats.service.RatsServiceManager
[13:58:53] [INFO ] [main] [RATS-SERVICE-SETUP] - Finding SLIB Coremodules...
[13:58:53] [INFO ] [main] [RATS-SERVICE-SETUP] - Loading SLIB Coremodules... Loading embedded regular modules...
[13:58:53] [INFO ] [main] [RATS-SERVICE-SETUP] - Calling SLIB Coremodule early loading methods...
[13:58:53] [INFO ] [main] [RATS-SERVICE-SETUP] - Loading AOS-UTIL service...
[13:58:53] [INFO ] [main] [RATS-SERVICE-SETUP] - Setting up SLIB...
[13:58:53] [INFO ] [main] [RATS-SERVICE-SETUP] - --- SERVICE STARTUP ---
[13:58:53] [INFO ] [main] [SLIB] - Slib is running through the RaTs wrapper, using data path: '/run/media/stefan/Externe HDD/AerialWorks Software Foundation/Development/RATS/run'
[13:58:53] [INFO ] [main] [RATS-SERVICE-SETUP] - Loading remaining core module classes...
[13:58:53] [INFO ] [main] [RATS-SERVICE-SETUP] - Loading remaining core modules...
[13:58:53] [INFO ] [main] [RATS-SERVICE-SETUP] - Loading normal module classes...
[13:58:53] [INFO ] [main] [RATS-SERVICE-SETUP] - Setting up normal modules...
[13:58:53] [INFO ] [main] [RATS-SERVICE-SETUP] - Registering module processors...
[13:58:53] [INFO ] [main] [SLIB] - Registering processors for module: slib-clientmanager...
[13:58:53] [INFO ] [main] [Slib-clientmanager SLib Processor] - Registering packet processor connection, processor packet id: 1152726261715321716
[13:58:53] [INFO ] [main] [Slib-clientmanager SLib Processor] - Registering packet processor disconnection, processor packet id: 1162131152726261715321716
[13:58:53] [INFO ] [main] [RATS-SERVICE-SETUP] - Initializing modules...
[13:58:53] [INFO ] [main] [SLIB] - Initializing module: slib-clientmanager, registering its ServiceModule class...
[13:58:53] [INFO ] [main] [SERVICE] - Loading module: slib-clientmanager...
[13:58:53] [INFO ] [main] [SERVICE] - Loaded module: slib-clientmanager
[13:58:53] [INFO ] [main] [RATS-SERVICE-SETUP] - Loading service jar modules from command line...
[13:58:53] [INFO ] [main] [RATS-SERVICE-SETUP] - Loading low-level ServiceModules...
[13:58:53] [INFO ] [main] [RATS-SERVICE-SETUP] - Starting the AOS-UTIL service...
[13:58:53] [INFO ] [RaTs! Service Thread] [SERVICE] - Initializing modules...
[13:58:53] [INFO ] [RaTs! Service Thread] [SERVICE] - Preparing...
[13:58:53] [INFO ] [RaTs! Service Thread] [SERVICE] - Looking for other instances...
[13:58:54] [ERROR] [RaTs! Service Thread] [SERVICE] - Service already running for current user.
[13:59:03] [INFO ] [main] [CYAN/RATSS] - Searching for classes annotated with @CYAN_COMPONENT...
[13:59:03] [INFO ] [main] [CYAN/RATSS] - Found class: org.asf.rats.Memory
[13:59:03] [INFO ] [main] [CYAN/RATSS] - Found class: org.asf.rats.logging.RatsLoggerBindings
[13:59:03] [INFO ] [main] [CYAN/RATSS] - Found class: org.asf.rats.service.RatsServiceManager
[13:59:03] [INFO ] [main] [RATS-SERVICE-SETUP] - Finding SLIB Coremodules...
[13:59:03] [INFO ] [main] [RATS-SERVICE-SETUP] - Loading SLIB Coremodules... Loading embedded regular modules...
[13:59:03] [INFO ] [main] [RATS-SERVICE-SETUP] - Calling SLIB Coremodule early loading methods...
[13:59:03] [INFO ] [main] [RATS-SERVICE-SETUP] - Loading AOS-UTIL service...
[13:59:03] [INFO ] [main] [RATS-SERVICE-SETUP] - Setting up SLIB...
[13:59:03] [INFO ] [main] [RATS-SERVICE-SETUP] - --- SERVICE STARTUP ---
[13:59:03] [INFO ] [main] [SLIB] - Slib is running through the RaTs wrapper, using data path: '/run/media/stefan/Externe HDD/AerialWorks Software Foundation/Development/RATS/run'
[13:59:03] [INFO ] [main] [RATS-SERVICE-SETUP] - Loading remaining core module classes...
[13:59:03] [INFO ] [main] [RATS-SERVICE-SETUP] - Loading remaining core modules...
[13:59:03] [INFO ] [main] [RATS-SERVICE-SETUP] - Loading normal module classes...
[13:59:03] [INFO ] [main] [RATS-SERVICE-SETUP] - Setting up normal modules...
[13:59:03] [INFO ] [main] [RATS-SERVICE-SETUP] - Registering module processors...
[13:59:03] [INFO ] [main] [SLIB] - Registering processors for module: slib-clientmanager...
[13:59:03] [INFO ] [main] [Slib-clientmanager SLib Processor] - Registering packet processor connection, processor packet id: 1152726261715321716
[13:59:03] [INFO ] [main] [Slib-clientmanager SLib Processor] - Registering packet processor disconnection, processor packet id: 1162131152726261715321716
[13:59:03] [INFO ] [main] [RATS-SERVICE-SETUP] - Initializing modules...
[13:59:03] [INFO ] [main] [SLIB] - Initializing module: slib-clientmanager, registering its ServiceModule class...
[13:59:03] [INFO ] [main] [SERVICE] - Loading module: slib-clientmanager...
[13:59:03] [INFO ] [main] [SERVICE] - Loaded module: slib-clientmanager
[13:59:03] [INFO ] [main] [RATS-SERVICE-SETUP] - Loading service jar modules from command line...
[13:59:03] [INFO ] [main] [RATS-SERVICE-SETUP] - Loading low-level ServiceModules...
[13:59:03] [INFO ] [main] [RATS-SERVICE-SETUP] - Starting the AOS-UTIL service...
[13:59:03] [INFO ] [RaTs! Service Thread] [SERVICE] - Initializing modules...
[13:59:03] [INFO ] [RaTs! Service Thread] [SERVICE] - Preparing...
[13:59:03] [INFO ] [RaTs! Service Thread] [SERVICE] - Looking for other instances...
[13:59:03] [INFO ] [RaTs! Service Thread] [SERVICE] - Starting service...
[13:59:03] [INFO ] [RaTs! Service Thread] [SERVICE] - Service PID: 7455
[13:59:03] [INFO ] [RaTs! Service Thread] [SERVICE] - Generating key...
[13:59:03] [INFO ] [RaTs! Service Thread] [SERVICE] - Key generated.
[13:59:03] [INFO ] [RaTs! Service Thread] [SERVICE] - Writing information file...
[13:59:03] [INFO ] [RaTs! Service Thread] [SERVICE] - Done.
[13:59:03] [INFO ] [RaTs! Service Thread] [SERVICE] - Service is waiting for remote commands.
[13:59:03] [INFO ] [main] [RATS-SERVICE-SETUP] - --- SERVICE EXECUTION START ---
[13:59:03] [INFO ] [main] [RATS-SERVICE-SETUP] - Post-initializing modules...
[13:59:03] [INFO ] [main] [SLIB] - Post-initializing module: slib-clientmanager...
[13:59:03] [INFO ] [main] [RATS-SERVICE-SETUP] - Service loading cycle completed.
[13:59:30] [INFO ] [main] [CYAN/RATSS] - Searching for classes annotated with @CYAN_COMPONENT...
[13:59:30] [INFO ] [main] [CYAN/RATSS] - Found class: org.asf.rats.Memory
[13:59:30] [INFO ] [main] [CYAN/RATSS] - Found class: org.asf.rats.logging.RatsLoggerBindings
[13:59:30] [INFO ] [main] [CYAN/RATSS] - Found class: org.asf.rats.service.RatsServiceManager
[13:59:30] [INFO ] [main] [RATS-SERVICE-SETUP] - Finding SLIB Coremodules...
[13:59:30] [INFO ] [main] [RATS-SERVICE-SETUP] - Loading SLIB Coremodules... Loading embedded regular modules...
[13:59:30] [INFO ] [main] [RATS-SERVICE-SETUP] - Calling SLIB Coremodule early loading methods...
[13:59:30] [INFO ] [main] [RATS-SERVICE-SETUP] - Loading AOS-UTIL service...
[13:59:30] [INFO ] [main] [RATS-SERVICE-SETUP] - Setting up SLIB...
[13:59:30] [INFO ] [main] [RATS-SERVICE-SETUP] - --- SERVICE STARTUP ---
[13:59:30] [INFO ] [main] [SLIB] - Slib is running through the RaTs wrapper, using data path: '/run/media/stefan/Externe HDD/AerialWorks Software Foundation/Development/RATS/run'
[13:59:30] [INFO ] [main] [RATS-SERVICE-SETUP] - Loading remaining core module classes...
[13:59:30] [INFO ] [main] [RATS-SERVICE-SETUP] - Loading remaining core modules...
[13:59:30] [INFO ] [main] [RATS-SERVICE-SETUP] - Loading normal module classes...
[13:59:30] [INFO ] [main] [RATS-SERVICE-SETUP] - Setting up normal modules...
[13:59:30] [INFO ] [main] [RATS-SERVICE-SETUP] - Registering module processors...
[13:59:30] [INFO ] [main] [SLIB] - Registering processors for module: slib-clientmanager...
[13:59:30] [INFO ] [main] [Slib-clientmanager SLib Processor] - Registering packet processor connection, processor packet id: 1152726261715321716
[13:59:30] [INFO ] [main] [Slib-clientmanager SLib Processor] - Registering packet processor disconnection, processor packet id: 1162131152726261715321716
[13:59:30] [INFO ] [main] [RATS-SERVICE-SETUP] - Initializing modules...
[13:59:30] [INFO ] [main] [SLIB] - Initializing module: slib-clientmanager, registering its ServiceModule class...
[13:59:30] [INFO ] [main] [SERVICE] - Loading module: slib-clientmanager...
[13:59:30] [INFO ] [main] [SERVICE] - Loaded module: slib-clientmanager
[13:59:30] [INFO ] [main] [RATS-SERVICE-SETUP] - Loading service jar modules from command line...
[13:59:30] [INFO ] [main] [RATS-SERVICE-SETUP] - Loading low-level ServiceModules...
[13:59:30] [INFO ] [main] [RATS-SERVICE-SETUP] - Starting the AOS-UTIL service...
[13:59:30] [INFO ] [RaTs! Service Thread] [SERVICE] - Initializing modules...
[13:59:30] [INFO ] [RaTs! Service Thread] [SERVICE] - Preparing...
[13:59:30] [INFO ] [RaTs! Service Thread] [SERVICE] - Looking for other instances...
[13:59:30] [INFO ] [RaTs! Service Thread] [SERVICE] - Starting service...
[13:59:30] [INFO ] [RaTs! Service Thread] [SERVICE] - Service PID: 7510
[13:59:30] [INFO ] [RaTs! Service Thread] [SERVICE] - Generating key...
[13:59:30] [INFO ] [RaTs! Service Thread] [SERVICE] - Key generated.
[13:59:30] [INFO ] [RaTs! Service Thread] [SERVICE] - Writing information file...
[13:59:30] [INFO ] [RaTs! Service Thread] [SERVICE] - Done.
[13:59:30] [INFO ] [RaTs! Service Thread] [SERVICE] - Service is waiting for remote commands.
[13:59:31] [INFO ] [main] [RATS-SERVICE-SETUP] - --- SERVICE EXECUTION START ---
[13:59:31] [INFO ] [main] [RATS-SERVICE-SETUP] - Post-initializing modules...
[13:59:31] [INFO ] [main] [SLIB] - Post-initializing module: slib-clientmanager...
[13:59:31] [INFO ] [main] [RATS-SERVICE-SETUP] - Service loading cycle completed.
[14:00:24] [INFO ] [main] [CYAN/RATSS] - Searching for classes annotated with @CYAN_COMPONENT...
[14:00:24] [INFO ] [main] [CYAN/RATSS] - Found class: org.asf.rats.Memory
[14:00:24] [INFO ] [main] [CYAN/RATSS] - Found class: org.asf.rats.logging.RatsLoggerBindings
[14:00:24] [INFO ] [main] [CYAN/RATSS] - Found class: org.asf.rats.service.RatsServiceManager
[14:00:24] [INFO ] [main] [RATS-SERVICE-SETUP] - Finding SLIB Coremodules...
[14:00:24] [INFO ] [main] [RATS-SERVICE-SETUP] - Loading SLIB Coremodules... Loading embedded regular modules...
[14:00:24] [INFO ] [main] [RATS-SERVICE-SETUP] - Calling SLIB Coremodule early loading methods...
[14:00:24] [INFO ] [main] [RATS-SERVICE-SETUP] - Loading AOS-UTIL service...
[14:00:24] [INFO ] [main] [RATS-SERVICE-SETUP] - Setting up SLIB...
[14:00:24] [INFO ] [main] [RATS-SERVICE-SETUP] - --- SERVICE STARTUP ---
[14:00:24] [INFO ] [main] [SLIB] - Slib is running through the RaTs wrapper, using data path: '/run/media/stefan/Externe HDD/AerialWorks Software Foundation/Development/RATS/run'
[14:00:24] [INFO ] [main] [RATS-SERVICE-SETUP] - Loading remaining core module classes...
[14:00:24] [INFO ] [main] [RATS-SERVICE-SETUP] - Loading remaining core modules...
[14:00:24] [INFO ] [main] [RATS-SERVICE-SETUP] - Loading normal module classes...
[14:00:24] [INFO ] [main] [RATS-SERVICE-SETUP] - Setting up normal modules...
[14:00:24] [INFO ] [main] [RATS-SERVICE-SETUP] - Registering module processors...
[14:00:24] [INFO ] [main] [SLIB] - Registering processors for module: slib-clientmanager...
[14:00:24] [INFO ] [main] [Slib-clientmanager SLib Processor] - Registering packet processor connection, processor packet id: 1152726261715321716
[14:00:24] [INFO ] [main] [Slib-clientmanager SLib Processor] - Registering packet processor disconnection, processor packet id: 1162131152726261715321716
[14:00:24] [INFO ] [main] [RATS-SERVICE-SETUP] - Initializing modules...
[14:00:24] [INFO ] [main] [SLIB] - Initializing module: slib-clientmanager, registering its ServiceModule class...
[14:00:24] [INFO ] [main] [SERVICE] - Loading module: slib-clientmanager...
[14:00:24] [INFO ] [main] [SERVICE] - Loaded module: slib-clientmanager
[14:00:24] [INFO ] [main] [RATS-SERVICE-SETUP] - Loading service jar modules from command line...
[14:00:24] [INFO ] [main] [RATS-SERVICE-SETUP] - Loading low-level ServiceModules...
[14:00:24] [INFO ] [main] [RATS-SERVICE-SETUP] - Starting the AOS-UTIL service...
[14:00:24] [INFO ] [RaTs! Service Thread] [SERVICE] - Initializing modules...
[14:00:24] [INFO ] [RaTs! Service Thread] [SERVICE] - Preparing...
[14:00:24] [INFO ] [RaTs! Service Thread] [SERVICE] - Looking for other instances...
[14:00:24] [INFO ] [RaTs! Service Thread] [SERVICE] - Starting service...
[14:00:24] [INFO ] [RaTs! Service Thread] [SERVICE] - Service PID: 7566
[14:00:24] [INFO ] [RaTs! Service Thread] [SERVICE] - Generating key...
[14:00:24] [INFO ] [RaTs! Service Thread] [SERVICE] - Key generated.
[14:00:24] [INFO ] [RaTs! Service Thread] [SERVICE] - Writing information file...
[14:00:24] [INFO ] [RaTs! Service Thread] [SERVICE] - Done.
[14:00:24] [INFO ] [RaTs! Service Thread] [SERVICE] - Service is waiting for remote commands.
[14:00:24] [INFO ] [main] [RATS-SERVICE-SETUP] - --- SERVICE EXECUTION START ---
[14:00:24] [INFO ] [main] [RATS-SERVICE-SETUP] - Post-initializing modules...
[14:00:24] [INFO ] [main] [SLIB] - Post-initializing module: slib-clientmanager...
[14:00:24] [INFO ] [main] [RATS-SERVICE-SETUP] - Service loading cycle completed.
[14:01:53] [INFO ] [main] [CYAN/RATS_COMPONENTS] - Searching for classes annotated with @CYAN_COMPONENT...
[14:01:53] [INFO ] [main] [CYAN/RATS_COMPONENTS] - Found class: org.asf.rats.Memory
[14:01:53] [INFO ] [main] [CYAN/RATS_COMPONENTS] - Found class: org.asf.rats.logging.RatsLoggerBindings
[14:01:53] [INFO ] [main] [CYAN/RATS_COMPONENTS] - Found class: org.asf.rats.service.RatsServiceManager
[14:01:53] [INFO ] [main] [RATS-SERVICE-SETUP] - Finding SLIB Coremodules...
[14:01:53] [INFO ] [main] [RATS-SERVICE-SETUP] - Loading SLIB Coremodules... Loading embedded regular modules...
[14:01:53] [INFO ] [main] [RATS-SERVICE-SETUP] - Calling SLIB Coremodule early loading methods...
[14:01:53] [INFO ] [main] [RATS-SERVICE-SETUP] - Loading AOS-UTIL service...
[14:01:53] [INFO ] [main] [RATS-SERVICE-SETUP] - Setting up SLIB...
[14:01:53] [INFO ] [main] [RATS-SERVICE-SETUP] - --- SERVICE STARTUP ---
[14:01:53] [INFO ] [main] [SLIB] - Slib is running through the RaTs wrapper, using data path: '/run/media/stefan/Externe HDD/AerialWorks Software Foundation/Development/RATS/run'
[14:01:53] [INFO ] [main] [RATS-SERVICE-SETUP] - Loading remaining core module classes...
[14:01:53] [INFO ] [main] [RATS-SERVICE-SETUP] - Loading remaining core modules...
[14:01:53] [INFO ] [main] [RATS-SERVICE-SETUP] - Loading normal module classes...
[14:01:53] [INFO ] [main] [RATS-SERVICE-SETUP] - Setting up normal modules...
[14:01:53] [INFO ] [main] [RATS-SERVICE-SETUP] - Registering module processors...
[14:01:53] [INFO ] [main] [SLIB] - Registering processors for module: slib-clientmanager...
[14:01:53] [INFO ] [main] [Slib-clientmanager SLib Processor] - Registering packet processor connection, processor packet id: 1152726261715321716
[14:01:53] [INFO ] [main] [Slib-clientmanager SLib Processor] - Registering packet processor disconnection, processor packet id: 1162131152726261715321716
[14:01:53] [INFO ] [main] [RATS-SERVICE-SETUP] - Initializing modules...
[14:01:53] [INFO ] [main] [SLIB] - Initializing module: slib-clientmanager, registering its ServiceModule class...
[14:01:53] [INFO ] [main] [SERVICE] - Loading module: slib-clientmanager...
[14:01:53] [INFO ] [main] [SERVICE] - Loaded module: slib-clientmanager
[14:01:53] [INFO ] [main] [RATS-SERVICE-SETUP] - Loading service jar modules from command line...
[14:01:53] [INFO ] [main] [RATS-SERVICE-SETUP] - Loading low-level ServiceModules...
[14:01:53] [INFO ] [main] [RATS-SERVICE-SETUP] - Starting the AOS-UTIL service...
[14:01:53] [INFO ] [RaTs! Service Thread] [SERVICE] - Initializing modules...
[14:01:53] [INFO ] [RaTs! Service Thread] [SERVICE] - Preparing...
[14:01:53] [INFO ] [RaTs! Service Thread] [SERVICE] - Looking for other instances...
[14:01:53] [INFO ] [RaTs! Service Thread] [SERVICE] - Starting service...
[14:01:53] [INFO ] [RaTs! Service Thread] [SERVICE] - Service PID: 7685
[14:01:53] [INFO ] [RaTs! Service Thread] [SERVICE] - Generating key...
[14:01:53] [INFO ] [RaTs! Service Thread] [SERVICE] - Key generated.
[14:01:53] [INFO ] [RaTs! Service Thread] [SERVICE] - Writing information file...
[14:01:53] [INFO ] [RaTs! Service Thread] [SERVICE] - Done.
[14:01:53] [INFO ] [RaTs! Service Thread] [SERVICE] - Service is waiting for remote commands.
[14:01:53] [INFO ] [main] [RATS-SERVICE-SETUP] - --- SERVICE EXECUTION START ---
[14:01:53] [INFO ] [main] [RATS-SERVICE-SETUP] - Post-initializing modules...
[14:01:53] [INFO ] [main] [SLIB] - Post-initializing module: slib-clientmanager...
[14:01:53] [INFO ] [main] [RATS-SERVICE-SETUP] - Service loading cycle completed.
[14:02:13] [INFO ] [main] [CYAN/RATS_COMPONENTS] - Searching for classes annotated with @CYAN_COMPONENT...
[14:02:13] [INFO ] [main] [CYAN/RATS_COMPONENTS] - Found class: org.asf.rats.Memory
[14:02:13] [INFO ] [main] [CYAN/RATS_COMPONENTS] - Found class: org.asf.rats.logging.RatsLoggerBindings
[14:02:13] [INFO ] [main] [CYAN/RATS_COMPONENTS] - Found class: org.asf.rats.service.RatsServiceManager
[14:02:13] [INFO ] [main] [RATS-SERVICE-SETUP] - Finding SLIB Coremodules...
[14:02:13] [INFO ] [main] [RATS-SERVICE-SETUP] - Loading SLIB Coremodules... Loading embedded regular modules...
[14:02:13] [INFO ] [main] [RATS-SERVICE-SETUP] - Calling SLIB Coremodule early loading methods...
[14:02:13] [INFO ] [main] [RATS-SERVICE-SETUP] - Loading AOS-UTIL service...
[14:02:13] [INFO ] [main] [RATS-SERVICE-SETUP] - Setting up SLIB...
[14:02:13] [INFO ] [main] [RATS-SERVICE-SETUP] - --- SERVICE STARTUP ---
[14:02:13] [INFO ] [main] [SLIB] - Slib is running through the RaTs wrapper, using data path: '/run/media/stefan/Externe HDD/AerialWorks Software Foundation/Development/RATS/run'
[14:02:13] [INFO ] [main] [RATS-SERVICE-SETUP] - Loading remaining core module classes...
[14:02:13] [INFO ] [main] [RATS-SERVICE-SETUP] - Loading remaining core modules...
[14:02:13] [INFO ] [main] [RATS-SERVICE-SETUP] - Loading normal module classes...
[14:02:13] [INFO ] [main] [RATS-SERVICE-SETUP] - Setting up normal modules...
[14:02:13] [INFO ] [main] [RATS-SERVICE-SETUP] - Registering module processors...
[14:02:13] [INFO ] [main] [SLIB] - Registering processors for module: slib-clientmanager...
[14:02:13] [INFO ] [main] [Slib-clientmanager SLib Processor] - Registering packet processor connection, processor packet id: 1152726261715321716
[14:02:13] [INFO ] [main] [Slib-clientmanager SLib Processor] - Registering packet processor disconnection, processor packet id: 1162131152726261715321716
[14:02:13] [INFO ] [main] [RATS-SERVICE-SETUP] - Initializing modules...
[14:02:13] [INFO ] [main] [SLIB] - Initializing module: slib-clientmanager, registering its ServiceModule class...
[14:02:13] [INFO ] [main] [SERVICE] - Loading module: slib-clientmanager...
[14:02:13] [INFO ] [main] [SERVICE] - Loaded module: slib-clientmanager
[14:02:13] [INFO ] [main] [RATS-SERVICE-SETUP] - Loading service jar modules from command line...
[14:02:13] [INFO ] [main] [RATS-SERVICE-SETUP] - Loading low-level ServiceModules...
[14:02:13] [INFO ] [main] [RATS-SERVICE-SETUP] - Starting the AOS-UTIL service...
[14:02:13] [INFO ] [RaTs! Service Thread] [SERVICE] - Initializing modules...
[14:02:13] [INFO ] [RaTs! Service Thread] [SERVICE] - Preparing...
[14:02:13] [INFO ] [RaTs! Service Thread] [SERVICE] - Looking for other instances...
[14:02:13] [INFO ] [RaTs! Service Thread] [SERVICE] - Starting service...
[14:02:13] [INFO ] [RaTs! Service Thread] [SERVICE] - Service PID: 7742
[14:02:13] [INFO ] [RaTs! Service Thread] [SERVICE] - Generating key...
[14:02:13] [INFO ] [RaTs! Service Thread] [SERVICE] - Key generated.
[14:02:13] [INFO ] [RaTs! Service Thread] [SERVICE] - Writing information file...
[14:02:13] [INFO ] [RaTs! Service Thread] [SERVICE] - Done.
[14:02:13] [INFO ] [RaTs! Service Thread] [SERVICE] - Service is waiting for remote commands.
[14:02:13] [INFO ] [main] [RATS-SERVICE-SETUP] - --- SERVICE EXECUTION START ---
[14:02:13] [INFO ] [main] [RATS-SERVICE-SETUP] - Post-initializing modules...
[14:02:13] [INFO ] [main] [SLIB] - Post-initializing module: slib-clientmanager...
[14:02:13] [INFO ] [main] [RATS-SERVICE-SETUP] - Service loading cycle completed.
[14:02:58] [INFO ] [main] [CYAN/RATS_COMPONENTS] - Searching for classes annotated with @CYAN_COMPONENT...
[14:02:58] [INFO ] [main] [CYAN/RATS_COMPONENTS] - Found class: org.asf.rats.Memory
[14:02:58] [INFO ] [main] [CYAN/RATS_COMPONENTS] - Found class: org.asf.rats.logging.RatsLoggerBindings
[14:02:58] [INFO ] [main] [CYAN/RATS_COMPONENTS] - Found class: org.asf.rats.service.RatsServiceManager
[14:02:58] [INFO ] [main] [RATS-SERVICE-SETUP] - Finding SLIB Coremodules...
[14:02:58] [INFO ] [main] [RATS-SERVICE-SETUP] - Loading SLIB Coremodules... Loading embedded regular modules...
[14:02:58] [INFO ] [main] [RATS-SERVICE-SETUP] - Calling SLIB Coremodule early loading methods...
[14:02:58] [INFO ] [main] [RATS-SERVICE-SETUP] - Loading AOS-UTIL service...
[14:02:58] [INFO ] [main] [RATS-SERVICE-SETUP] - Setting up SLIB...
[14:02:58] [INFO ] [main] [RATS-SERVICE-SETUP] - --- SERVICE STARTUP ---
[14:02:58] [INFO ] [main] [SLIB] - Slib is running through the RaTs wrapper, using data path: '/run/media/stefan/Externe HDD/AerialWorks Software Foundation/Development/RATS/run'
[14:02:58] [INFO ] [main] [RATS-SERVICE-SETUP] - Loading remaining core module classes...
[14:02:58] [INFO ] [main] [RATS-SERVICE-SETUP] - Loading remaining core modules...
[14:02:58] [INFO ] [main] [RATS-SERVICE-SETUP] - Loading normal module classes...
[14:02:58] [INFO ] [main] [RATS-SERVICE-SETUP] - Setting up normal modules...
[14:02:58] [INFO ] [main] [RATS-SERVICE-SETUP] - Registering module processors...
[14:02:58] [INFO ] [main] [SLIB] - Registering processors for module: slib-clientmanager...
[14:02:58] [INFO ] [main] [Slib-clientmanager SLib Processor] - Registering packet processor connection, processor packet id: 1152726261715321716
[14:02:58] [INFO ] [main] [Slib-clientmanager SLib Processor] - Registering packet processor disconnection, processor packet id: 1162131152726261715321716
[14:02:58] [INFO ] [main] [RATS-SERVICE-SETUP] - Initializing modules...
[14:02:58] [INFO ] [main] [SLIB] - Initializing module: slib-clientmanager, registering its ServiceModule class...
[14:02:58] [INFO ] [main] [SERVICE] - Loading module: slib-clientmanager...
[14:02:58] [INFO ] [main] [SERVICE] - Loaded module: slib-clientmanager
[14:02:58] [INFO ] [main] [RATS-SERVICE-SETUP] - Loading service jar modules from command line...
[14:02:58] [INFO ] [main] [RATS-SERVICE-SETUP] - Loading low-level ServiceModules...
[14:02:58] [INFO ] [main] [RATS-SERVICE-SETUP] - Starting the AOS-UTIL service...
[14:02:58] [INFO ] [RaTs! Service Thread] [SERVICE] - Initializing modules...
[14:02:58] [INFO ] [RaTs! Service Thread] [SERVICE] - Preparing...
[14:02:58] [INFO ] [RaTs! Service Thread] [SERVICE] - Looking for other instances...
[14:02:58] [INFO ] [RaTs! Service Thread] [SERVICE] - Starting service...
[14:02:58] [INFO ] [RaTs! Service Thread] [SERVICE] - Service PID: 7813
[14:02:58] [INFO ] [RaTs! Service Thread] [SERVICE] - Generating key...
[14:02:58] [INFO ] [RaTs! Service Thread] [SERVICE] - Key generated.
[14:02:58] [INFO ] [RaTs! Service Thread] [SERVICE] - Writing information file...
[14:02:58] [INFO ] [RaTs! Service Thread] [SERVICE] - Done.
[14:02:58] [INFO ] [RaTs! Service Thread] [SERVICE] - Service is waiting for remote commands.
[14:02:59] [INFO ] [main] [RATS-SERVICE-SETUP] - --- SERVICE EXECUTION START ---
[14:02:59] [INFO ] [main] [RATS-SERVICE-SETUP] - Post-initializing modules...
[14:02:59] [INFO ] [main] [SLIB] - Post-initializing module: slib-clientmanager...
[14:02:59] [INFO ] [main] [RATS-SERVICE-SETUP] - Service loading cycle completed.
[14:03:11] [INFO ] [main] [CYAN/RATS_COMPONENTS] - Searching for classes annotated with @CYAN_COMPONENT...
[14:03:11] [INFO ] [main] [CYAN/RATS_COMPONENTS] - Found class: org.asf.rats.Memory
[14:03:11] [INFO ] [main] [CYAN/RATS_COMPONENTS] - Found class: org.asf.rats.logging.RatsLoggerBindings
[14:03:11] [INFO ] [main] [CYAN/RATS_COMPONENTS] - Found class: org.asf.rats.service.RatsServiceManager
[14:03:12] [INFO ] [main] [RATS-SERVICE-SETUP] - Finding SLIB Coremodules...
[14:03:12] [INFO ] [main] [RATS-SERVICE-SETUP] - Loading SLIB Coremodules... Loading embedded regular modules...
[14:03:12] [INFO ] [main] [RATS-SERVICE-SETUP] - Calling SLIB Coremodule early loading methods...
[14:03:12] [INFO ] [main] [RATS-SERVICE-SETUP] - Loading AOS-UTIL service...
[14:03:12] [INFO ] [main] [RATS-SERVICE-SETUP] - Setting up SLIB...
[14:03:12] [INFO ] [main] [RATS-SERVICE-SETUP] - --- SERVICE STARTUP ---
[14:03:12] [INFO ] [main] [SLIB] - Slib is running through the RaTs wrapper, using data path: '/run/media/stefan/Externe HDD/AerialWorks Software Foundation/Development/RATS/run'
[14:03:12] [INFO ] [main] [RATS-SERVICE-SETUP] - Loading remaining core module classes...
[14:03:12] [INFO ] [main] [RATS-SERVICE-SETUP] - Loading remaining core modules...
[14:03:12] [INFO ] [main] [RATS-SERVICE-SETUP] - Loading normal module classes...
[14:03:12] [INFO ] [main] [RATS-SERVICE-SETUP] - Setting up normal modules...
[14:03:12] [INFO ] [main] [RATS-SERVICE-SETUP] - Registering module processors...
[14:03:12] [INFO ] [main] [SLIB] - Registering processors for module: slib-clientmanager...
[14:03:12] [INFO ] [main] [Slib-clientmanager SLib Processor] - Registering packet processor connection, processor packet id: 1152726261715321716
[14:03:12] [INFO ] [main] [Slib-clientmanager SLib Processor] - Registering packet processor disconnection, processor packet id: 1162131152726261715321716
[14:03:12] [INFO ] [main] [RATS-SERVICE-SETUP] - Initializing modules...
[14:03:12] [INFO ] [main] [SLIB] - Initializing module: slib-clientmanager, registering its ServiceModule class...
[14:03:12] [INFO ] [main] [SERVICE] - Loading module: slib-clientmanager...
[14:03:12] [INFO ] [main] [SERVICE] - Loaded module: slib-clientmanager
[14:03:12] [INFO ] [main] [RATS-SERVICE-SETUP] - Loading service jar modules from command line...
[14:03:12] [INFO ] [main] [RATS-SERVICE-SETUP] - Loading low-level ServiceModules...
[14:03:12] [INFO ] [main] [RATS-SERVICE-SETUP] - Starting the AOS-UTIL service...
[14:03:12] [INFO ] [RaTs! Service Thread] [SERVICE] - Initializing modules...
[14:03:12] [INFO ] [RaTs! Service Thread] [SERVICE] - Preparing...
[14:03:12] [INFO ] [RaTs! Service Thread] [SERVICE] - Looking for other instances...
[14:03:12] [INFO ] [RaTs! Service Thread] [SERVICE] - Starting service...
[14:03:12] [INFO ] [RaTs! Service Thread] [SERVICE] - Service PID: 7864
[14:03:12] [INFO ] [RaTs! Service Thread] [SERVICE] - Generating key...
[14:03:12] [INFO ] [RaTs! Service Thread] [SERVICE] - Key generated.
[14:03:12] [INFO ] [RaTs! Service Thread] [SERVICE] - Writing information file...
[14:03:12] [INFO ] [RaTs! Service Thread] [SERVICE] - Done.
[14:03:12] [INFO ] [RaTs! Service Thread] [SERVICE] - Service is waiting for remote commands.
[14:03:12] [INFO ] [main] [RATS-SERVICE-SETUP] - --- SERVICE EXECUTION START ---
[14:03:12] [INFO ] [main] [RATS-SERVICE-SETUP] - Post-initializing modules...
[14:03:12] [INFO ] [main] [SLIB] - Post-initializing module: slib-clientmanager...
[14:03:12] [INFO ] [main] [RATS-SERVICE-SETUP] - Service loading cycle completed.
[14:03:27] [INFO ] [main] [CYAN/RATS_COMPONENTS] - Searching for classes annotated with @CYAN_COMPONENT...
[14:03:27] [INFO ] [main] [CYAN/RATS_COMPONENTS] - Found class: org.asf.rats.Memory
[14:03:27] [INFO ] [main] [CYAN/RATS_COMPONENTS] - Found class: org.asf.rats.logging.RatsLoggerBindings
[14:03:27] [INFO ] [main] [CYAN/RATS_COMPONENTS] - Found class: org.asf.rats.service.RatsServiceManager
[14:03:27] [INFO ] [main] [RATS-SERVICE-SETUP] - Finding SLIB Coremodules...
[14:03:27] [INFO ] [main] [RATS-SERVICE-SETUP] - Loading SLIB Coremodules... Loading embedded regular modules...
[14:03:27] [INFO ] [main] [RATS-SERVICE-SETUP] - Calling SLIB Coremodule early loading methods...
[14:03:27] [INFO ] [main] [RATS-SERVICE-SETUP] - Loading AOS-UTIL service...
[14:03:27] [INFO ] [main] [RATS-SERVICE-SETUP] - Setting up SLIB...
[14:03:27] [INFO ] [main] [RATS-SERVICE-SETUP] - --- SERVICE STARTUP ---
[14:03:27] [INFO ] [main] [SLIB] - Slib is running through the RaTs wrapper, using data path: '/run/media/stefan/Externe HDD/AerialWorks Software Foundation/Development/RATS/run'
[14:03:27] [INFO ] [main] [RATS-SERVICE-SETUP] - Loading remaining core module classes...
[14:03:27] [INFO ] [main] [RATS-SERVICE-SETUP] - Loading remaining core modules...
[14:03:27] [INFO ] [main] [RATS-SERVICE-SETUP] - Loading normal module classes...
[14:03:27] [INFO ] [main] [RATS-SERVICE-SETUP] - Setting up normal modules...
[14:03:27] [INFO ] [main] [RATS-SERVICE-SETUP] - Registering module processors...
[14:03:27] [INFO ] [main] [SLIB] - Registering processors for module: slib-clientmanager...
[14:03:27] [INFO ] [main] [Slib-clientmanager SLib Processor] - Registering packet processor connection, processor packet id: 1152726261715321716
[14:03:27] [INFO ] [main] [Slib-clientmanager SLib Processor] - Registering packet processor disconnection, processor packet id: 1162131152726261715321716
[14:03:27] [INFO ] [main] [RATS-SERVICE-SETUP] - Initializing modules...
[14:03:27] [INFO ] [main] [SLIB] - Initializing module: slib-clientmanager, registering its ServiceModule class...
[14:03:27] [INFO ] [main] [SERVICE] - Loading module: slib-clientmanager...
[14:03:27] [INFO ] [main] [SERVICE] - Loaded module: slib-clientmanager
[14:03:27] [INFO ] [main] [RATS-SERVICE-SETUP] - Loading service jar modules from command line...
[14:03:27] [INFO ] [main] [RATS-SERVICE-SETUP] - Loading low-level ServiceModules...
[14:03:27] [INFO ] [main] [RATS-SERVICE-SETUP] - Starting the AOS-UTIL service...
[14:03:27] [INFO ] [RaTs! Service Thread] [SERVICE] - Initializing modules...
[14:03:27] [INFO ] [RaTs! Service Thread] [SERVICE] - Preparing...
[14:03:27] [INFO ] [RaTs! Service Thread] [SERVICE] - Looking for other instances...
[14:03:27] [INFO ] [RaTs! Service Thread] [SERVICE] - Starting service...
[14:03:27] [INFO ] [RaTs! Service Thread] [SERVICE] - Service PID: 7912
[14:03:27] [INFO ] [RaTs! Service Thread] [SERVICE] - Generating key...
[14:03:27] [INFO ] [RaTs! Service Thread] [SERVICE] - Key generated.
[14:03:27] [INFO ] [RaTs! Service Thread] [SERVICE] - Writing information file...
[14:03:27] [INFO ] [RaTs! Service Thread] [SERVICE] - Done.
[14:03:27] [INFO ] [RaTs! Service Thread] [SERVICE] - Service is waiting for remote commands.
[14:03:27] [INFO ] [main] [RATS-SERVICE-SETUP] - --- SERVICE EXECUTION START ---
[14:03:27] [INFO ] [main] [RATS-SERVICE-SETUP] - Post-initializing modules...
[14:03:27] [INFO ] [main] [SLIB] - Post-initializing module: slib-clientmanager...
[14:03:27] [INFO ] [main] [RATS-SERVICE-SETUP] - Service loading cycle completed.
