[15:05:22] [DEBUG] [main] [CLIENT] - Sent packet: 128212619, content length: 0
[15:05:22] [DEBUG] [main] [CLIENT] - Sent packet: 1312421140215242117263225132613191730, content length: 20
[15:05:22] [DEBUG] [main] [CLIENT] - Sent packet: 1312421140215242117263225132613191730, content length: 20
[15:05:22] [DEBUG] [main] [CLIENT] - Sent packet: 117341726320216213128133215201730, content length: 49
[15:05:22] [DEBUG] [RaTs! Client Connection Checker] [CLIENT] - Sent packet: 128212619, content length: 0
[15:05:22] [DEBUG] [RaTs! Client Connection Checker] [CLIENT] - Sent packet: 1312421140215242117263225132613191730, content length: 20
[15:05:27] [DEBUG] [RaTs! Client Connection Checker] [CLIENT] - Sent packet: 128212619, content length: 0
[15:05:27] [DEBUG] [RaTs! Client Connection Checker] [CLIENT] - Sent packet: 1312421140215242117263225132613191730, content length: 20
[15:05:32] [DEBUG] [RaTs! Client Connection Checker] [CLIENT] - Sent packet: 128212619, content length: 0
[15:05:33] [DEBUG] [RaTs! Client Connection Checker] [CLIENT] - Sent packet: 1312421140215242117263225132613191730, content length: 20
[15:05:38] [DEBUG] [RaTs! Client Connection Checker] [CLIENT] - Sent packet: 128212619, content length: 0
[15:05:38] [DEBUG] [RaTs! Client Connection Checker] [CLIENT] - Sent packet: 1312421140215242117263225132613191730, content length: 20
[15:05:43] [DEBUG] [RaTs! Client Connection Checker] [CLIENT] - Sent packet: 128212619, content length: 0
[15:05:43] [DEBUG] [RaTs! Client Connection Checker] [CLIENT] - Sent packet: 1312421140215242117263225132613191730, content length: 20
[15:05:48] [DEBUG] [RaTs! Client Connection Checker] [CLIENT] - Sent packet: 128212619, content length: 0
[15:05:48] [DEBUG] [RaTs! Client Connection Checker] [CLIENT] - Sent packet: 1312421140215242117263225132613191730, content length: 20
[15:05:52] [DEBUG] [main] [CLIENT] - Sent packet: 128212619, content length: 0
[15:05:52] [DEBUG] [main] [CLIENT] - Sent packet: 1312421140215242117263225132613191730, content length: 20
[15:05:52] [DEBUG] [main] [CLIENT] - Sent packet: 1312421140215242117263225132613191730, content length: 20
[15:06:16] [DEBUG] [main] [CLIENT] - Sent packet: 128212619, content length: 0
[15:06:16] [DEBUG] [main] [CLIENT] - Sent packet: 1312421140215242117263225132613191730, content length: 20
[15:06:16] [DEBUG] [main] [CLIENT] - Sent packet: 1312421140215242117263225132613191730, content length: 20
[15:07:27] [DEBUG] [main] [CLIENT] - Sent packet: 128212619, content length: 0
[15:07:28] [DEBUG] [main] [CLIENT] - Sent packet: 1312421140215242117263225132613191730, content length: 20
[15:07:28] [DEBUG] [main] [CLIENT] - Sent packet: 1312421140215242117263225132613191730, content length: 20
[15:07:49] [DEBUG] [main] [CLIENT] - Sent packet: 128212619, content length: 0
[15:07:49] [DEBUG] [main] [CLIENT] - Sent packet: 1312421140215242117263225132613191730, content length: 20
[15:07:49] [DEBUG] [main] [CLIENT] - Sent packet: 1312421140215242117263225132613191730, content length: 20
[15:08:11] [DEBUG] [main] [CLIENT] - Sent packet: 128212619, content length: 0
[15:08:11] [DEBUG] [main] [CLIENT] - Sent packet: 1312421140215242117263225132613191730, content length: 20
[15:08:11] [DEBUG] [main] [CLIENT] - Sent packet: 1312421140215242117263225132613191730, content length: 20
[15:08:42] [DEBUG] [main] [CLIENT] - Sent packet: 128212619, content length: 0
[15:08:42] [DEBUG] [main] [CLIENT] - Sent packet: 1312421140215242117263225132613191730, content length: 20
[15:08:42] [DEBUG] [main] [CLIENT] - Sent packet: 1312421140215242117263225132613191730, content length: 20
[15:22:40] [DEBUG] [main] [CLIENT] - Sent packet: 128212619, content length: 0
[15:22:40] [DEBUG] [main] [CLIENT] - Sent packet: 1312421140215242117263225132613191730, content length: 20
[15:22:40] [DEBUG] [main] [CLIENT] - Sent packet: 1312421140215242117263225132613191730, content length: 20
[15:22:44] [DEBUG] [main] [CLIENT] - Sent packet: 117341726320216213128133215201730, content length: 49
[15:22:44] [DEBUG] [RaTs! Client Connection Checker] [CLIENT] - Sent packet: 128212619, content length: 0
[15:22:44] [DEBUG] [RaTs! Client Connection Checker] [CLIENT] - Sent packet: 1312421140215242117263225132613191730, content length: 20
[15:22:44] [DEBUG] [Packet processor dispatch-completion-processor] [CLIENT] - Sent packet: 1312421140215242117263225132613191730, content length: 20
[15:23:26] [DEBUG] [main] [CLIENT] - Sent packet: 128212619, content length: 0
[15:23:26] [DEBUG] [main] [CLIENT] - Sent packet: 1312421140215242117263225132613191730, content length: 20
[15:23:26] [DEBUG] [main] [CLIENT] - Sent packet: 1312421140215242117263225132613191730, content length: 20
[15:23:26] [DEBUG] [main] [CLIENT] - Sent packet: 117341726320216213128133215201730, content length: 49
[15:23:26] [DEBUG] [RaTs! Client Connection Checker] [CLIENT] - Sent packet: 128212619, content length: 0
[15:23:27] [DEBUG] [RaTs! Client Connection Checker] [CLIENT] - Sent packet: 1312421140215242117263225132613191730, content length: 20
[15:23:27] [DEBUG] [Packet processor dispatch-completion-processor] [CLIENT] - Sent packet: 1312421140215242117263225132613191730, content length: 20
[15:26:47] [DEBUG] [main] [CLIENT] - Sent packet: 128212619, content length: 0
[15:26:47] [DEBUG] [main] [CLIENT] - Sent packet: 1312421140215242117263225132613191730, content length: 20
[15:26:47] [DEBUG] [main] [CLIENT] - Sent packet: 1312421140215242117263225132613191730, content length: 20
[15:26:47] [DEBUG] [main] [CLIENT] - Sent packet: 117341726320216213128133215201730, content length: 49
[15:26:47] [DEBUG] [RaTs! Client Connection Checker] [CLIENT] - Sent packet: 128212619, content length: 0
[15:26:48] [DEBUG] [RaTs! Client Connection Checker] [CLIENT] - Sent packet: 1312421140215242117263225132613191730, content length: 20
[15:26:48] [DEBUG] [Packet processor dispatch-completion-processor] [CLIENT] - Sent packet: 1312421140215242117263225132613191730, content length: 20
[15:27:51] [DEBUG] [main] [CLIENT] - Sent packet: 128212619, content length: 0
[15:27:51] [DEBUG] [main] [CLIENT] - Sent packet: 1312421140215242117263225132613191730, content length: 20
[15:27:51] [DEBUG] [main] [CLIENT] - Sent packet: 1312421140215242117263225132613191730, content length: 20
[15:27:52] [DEBUG] [main] [CLIENT] - Sent packet: 117341726320216213128133215201730, content length: 49
[15:27:52] [DEBUG] [RaTs! Client Connection Checker] [CLIENT] - Sent packet: 128212619, content length: 0
[15:27:52] [DEBUG] [RaTs! Client Connection Checker] [CLIENT] - Sent packet: 1312421140215242117263225132613191730, content length: 20
[15:27:52] [DEBUG] [Packet processor dispatch-completion-processor] [CLIENT] - Sent packet: 1312421140215242117263225132613191730, content length: 20
[15:27:52] [DEBUG] [main] [CLIENT] - Sent packet: 128212619, content length: 0
[15:27:52] [DEBUG] [main] [CLIENT] - Sent packet: 1312421140215242117263225132613191730, content length: 20
[15:27:52] [DEBUG] [main] [CLIENT] - Sent packet: 1312421140215242117263225132613191730, content length: 20
[15:27:53] [DEBUG] [main] [CLIENT] - Sent packet: 117341726320216213128133215201730, content length: 49
[15:27:53] [DEBUG] [Packet processor dispatch-completion-processor] [CLIENT] - Sent packet: 1312421140215242117263225132613191730, content length: 20
[15:27:53] [DEBUG] [Packet processor Disconnect processor] [CLIENT] - Sent packet: 1312421140215242117263225132613191730, content length: 20
[15:28:28] [DEBUG] [main] [CLIENT] - Sent packet: 128212619, content length: 0
[15:28:28] [DEBUG] [main] [CLIENT] - Sent packet: 1312421140215242117263225132613191730, content length: 20
[15:28:28] [DEBUG] [main] [CLIENT] - Sent packet: 1312421140215242117263225132613191730, content length: 20
[15:28:28] [DEBUG] [main] [CLIENT] - Sent packet: 117341726320216213128133215201730, content length: 50
[15:28:28] [DEBUG] [RaTs! Client Connection Checker] [CLIENT] - Sent packet: 128212619, content length: 0
[15:28:28] [DEBUG] [RaTs! Client Connection Checker] [CLIENT] - Sent packet: 1312421140215242117263225132613191730, content length: 20
[15:28:29] [DEBUG] [Packet processor dispatch-completion-processor] [CLIENT] - Sent packet: 1312421140215242117263225132613191730, content length: 20
[15:28:29] [DEBUG] [main] [CLIENT] - Sent packet: 128212619, content length: 0
[15:28:29] [DEBUG] [main] [CLIENT] - Sent packet: 1312421140215242117263225132613191730, content length: 20
[15:28:29] [DEBUG] [main] [CLIENT] - Sent packet: 1312421140215242117263225132613191730, content length: 20
[15:28:29] [DEBUG] [main] [CLIENT] - Sent packet: 117341726320216213128133215201730, content length: 50
[15:28:29] [DEBUG] [Packet processor dispatch-completion-processor] [CLIENT] - Sent packet: 1312421140215242117263225132613191730, content length: 20
[15:29:08] [DEBUG] [main] [CLIENT] - Sent packet: 128212619, content length: 0
[15:29:08] [DEBUG] [main] [CLIENT] - Sent packet: 1312421140215242117263225132613191730, content length: 20
[15:29:08] [DEBUG] [main] [CLIENT] - Sent packet: 1312421140215242117263225132613191730, content length: 20
[15:29:08] [DEBUG] [main] [CLIENT] - Sent packet: 117341726320216213128133215201730, content length: 49
[15:29:08] [DEBUG] [RaTs! Client Connection Checker] [CLIENT] - Sent packet: 128212619, content length: 0
[15:29:08] [DEBUG] [RaTs! Client Connection Checker] [CLIENT] - Sent packet: 1312421140215242117263225132613191730, content length: 20
[15:29:13] [DEBUG] [RaTs! Client Connection Checker] [CLIENT] - Sent packet: 128212619, content length: 0
[15:29:14] [DEBUG] [RaTs! Client Connection Checker] [CLIENT] - Sent packet: 1312421140215242117263225132613191730, content length: 20
[15:29:14] [DEBUG] [Packet processor dispatch-completion-processor] [CLIENT] - Sent packet: 1312421140215242117263225132613191730, content length: 20
[15:29:14] [DEBUG] [main] [CLIENT] - Sent packet: 128212619, content length: 0
[15:29:14] [DEBUG] [Packet processor Disconnect processor] [CLIENT] - Sent packet: 1312421140215242117263225132613191730, content length: 20
[15:29:14] [DEBUG] [main] [CLIENT] - Sent packet: 1312421140215242117263225132613191730, content length: 20
[15:29:14] [DEBUG] [main] [CLIENT] - Sent packet: 1312421140215242117263225132613191730, content length: 20
[15:29:15] [DEBUG] [main] [CLIENT] - Sent packet: 117341726320216213128133215201730, content length: 49
[15:29:33] [DEBUG] [RaTs! Client Connection Checker] [CLIENT] - Sent packet: 128212619, content length: 0
[15:29:33] [DEBUG] [RaTs! Client Connection Checker] [CLIENT] - Sent packet: 1312421140215242117263225132613191730, content length: 20
[15:29:38] [DEBUG] [RaTs! Client Connection Checker] [CLIENT] - Sent packet: 128212619, content length: 0
[15:29:38] [DEBUG] [RaTs! Client Connection Checker] [CLIENT] - Sent packet: 1312421140215242117263225132613191730, content length: 20
[15:29:43] [DEBUG] [RaTs! Client Connection Checker] [CLIENT] - Sent packet: 128212619, content length: 0
[15:29:43] [DEBUG] [RaTs! Client Connection Checker] [CLIENT] - Sent packet: 1312421140215242117263225132613191730, content length: 20
[15:29:48] [DEBUG] [RaTs! Client Connection Checker] [CLIENT] - Sent packet: 128212619, content length: 0
[15:29:48] [DEBUG] [RaTs! Client Connection Checker] [CLIENT] - Sent packet: 1312421140215242117263225132613191730, content length: 20
[15:29:53] [DEBUG] [RaTs! Client Connection Checker] [CLIENT] - Sent packet: 128212619, content length: 0
[15:29:53] [DEBUG] [RaTs! Client Connection Checker] [CLIENT] - Sent packet: 1312421140215242117263225132613191730, content length: 20
[15:29:58] [DEBUG] [RaTs! Client Connection Checker] [CLIENT] - Sent packet: 128212619, content length: 0
[15:29:58] [DEBUG] [RaTs! Client Connection Checker] [CLIENT] - Sent packet: 1312421140215242117263225132613191730, content length: 20
[15:30:03] [DEBUG] [Packet processor dispatch-completion-processor] [CLIENT] - Sent packet: 1312421140215242117263225132613191730, content length: 20
[15:31:20] [DEBUG] [main] [CLIENT] - Sent packet: 128212619, content length: 0
[15:31:21] [DEBUG] [main] [CLIENT] - Sent packet: 1312421140215242117263225132613191730, content length: 20
[15:31:21] [DEBUG] [main] [CLIENT] - Sent packet: 1312421140215242117263225132613191730, content length: 20
[15:31:21] [DEBUG] [main] [CLIENT] - Sent packet: 117341726320216213128133215201730, content length: 52
[15:31:21] [DEBUG] [RaTs! Client Connection Checker] [CLIENT] - Sent packet: 128212619, content length: 0
[15:31:21] [DEBUG] [RaTs! Client Connection Checker] [CLIENT] - Sent packet: 1312421140215242117263225132613191730, content length: 20
[15:31:21] [ERROR] [Packet processor Network Logger] [RATS-EVENT-MANAGER] - Event not recognized! Use the help event for a list of events.
[15:31:21] [DEBUG] [Packet processor dispatch-completion-processor] [CLIENT] - Sent packet: 1312421140215242117263225132613191730, content length: 20
[15:31:21] [DEBUG] [main] [CLIENT] - Sent packet: 128212619, content length: 0
[15:31:22] [DEBUG] [main] [CLIENT] - Sent packet: 1312421140215242117263225132613191730, content length: 20
[15:31:22] [DEBUG] [main] [CLIENT] - Sent packet: 1312421140215242117263225132613191730, content length: 20
[15:31:22] [DEBUG] [main] [CLIENT] - Sent packet: 117341726320216213128133215201730, content length: 52
[15:31:22] [ERROR] [Packet processor Network Logger] [RATS-EVENT-MANAGER] - Event not recognized! Use the help event for a list of events.
[15:31:37] [DEBUG] [main] [CLIENT] - Sent packet: 128212619, content length: 0
[15:31:37] [DEBUG] [main] [CLIENT] - Sent packet: 1312421140215242117263225132613191730, content length: 20
[15:31:37] [DEBUG] [main] [CLIENT] - Sent packet: 1312421140215242117263225132613191730, content length: 20
[15:32:08] [DEBUG] [main] [CLIENT] - Sent packet: 128212619, content length: 0
[15:32:08] [DEBUG] [main] [CLIENT] - Sent packet: 1312421140215242117263225132613191730, content length: 20
[15:32:08] [DEBUG] [main] [CLIENT] - Sent packet: 1312421140215242117263225132613191730, content length: 20
[15:32:09] [DEBUG] [main] [CLIENT] - Sent packet: 117341726320216213128133215201730, content length: 49
[15:32:09] [DEBUG] [RaTs! Client Connection Checker] [CLIENT] - Sent packet: 128212619, content length: 0
[15:32:10] [DEBUG] [RaTs! Client Connection Checker] [CLIENT] - Sent packet: 1312421140215242117263225132613191730, content length: 20
[15:32:10] [ERROR] [Packet processor Network Logger] [RATS-EVENT-MANAGER] - Event not recognized! Use the help event for a list of events.
[15:32:10] [DEBUG] [Packet processor dispatch-completion-processor] [CLIENT] - Sent packet: 1312421140215242117263225132613191730, content length: 20
[15:32:10] [DEBUG] [main] [CLIENT] - Sent packet: 128212619, content length: 0
[15:32:10] [DEBUG] [main] [CLIENT] - Sent packet: 1312421140215242117263225132613191730, content length: 20
[15:32:10] [DEBUG] [main] [CLIENT] - Sent packet: 1312421140215242117263225132613191730, content length: 20
[15:32:38] [DEBUG] [main] [CLIENT] - Sent packet: 128212619, content length: 0
[15:32:38] [DEBUG] [main] [CLIENT] - Sent packet: 1312421140215242117263225132613191730, content length: 20
[15:32:38] [DEBUG] [main] [CLIENT] - Sent packet: 1312421140215242117263225132613191730, content length: 20
[15:32:38] [DEBUG] [main] [CLIENT] - Sent packet: 117341726320216213128133215201730, content length: 49
[15:32:38] [DEBUG] [RaTs! Client Connection Checker] [CLIENT] - Sent packet: 128212619, content length: 0
[15:32:39] [DEBUG] [RaTs! Client Connection Checker] [CLIENT] - Sent packet: 1312421140215242117263225132613191730, content length: 20
[15:32:39] [ERROR] [Packet processor Network Logger] [RATS-EVENT-MANAGER] - Event not recognized! Use the help event for a list of events.
[15:32:39] [DEBUG] [Packet processor dispatch-completion-processor] [CLIENT] - Sent packet: 1312421140215242117263225132613191730, content length: 20
[15:32:39] [DEBUG] [main] [CLIENT] - Sent packet: 1312421140215242117263225132613191730, content length: 20
[15:32:39] [DEBUG] [RaTs! Client Connection Checker] [CLIENT] - Sent packet: 128212619, content length: 0
[15:32:39] [DEBUG] [main] [CLIENT] - Sent packet: 128212619, content length: 0
[15:32:40] [DEBUG] [main] [CLIENT] - Sent packet: 1312421140215242117263225132613191730, content length: 20
[15:32:40] [DEBUG] [main] [CLIENT] - Sent packet: 1312421140215242117263225132613191730, content length: 20
[15:32:40] [DEBUG] [RaTs! Client Connection Checker] [CLIENT] - Sent packet: 1312421140215242117263225132613191730, content length: 20
[15:32:40] [DEBUG] [main] [CLIENT] - Sent packet: 117341726320216213128133215201730, content length: 49
[15:32:40] [DEBUG] [main] [CLIENT] - Sent packet: 1312421140215242117263225132613191730, content length: 20
[15:32:45] [DEBUG] [main] [CLIENT] - Sent packet: 128212619, content length: 0
[15:32:46] [DEBUG] [main] [CLIENT] - Sent packet: 1312421140215242117263225132613191730, content length: 20
[15:32:46] [DEBUG] [main] [CLIENT] - Sent packet: 1312421140215242117263225132613191730, content length: 20
[15:32:46] [DEBUG] [main] [CLIENT] - Sent packet: 117341726320216213128133215201730, content length: 52
[15:32:46] [DEBUG] [main] [CLIENT] - Sent packet: 1312421140215242117263225132613191730, content length: 20
[15:32:46] [DEBUG] [main] [CLIENT] - Sent packet: 128212619, content length: 0
[15:32:46] [DEBUG] [main] [CLIENT] - Sent packet: 1312421140215242117263225132613191730, content length: 20
[15:32:46] [DEBUG] [main] [CLIENT] - Sent packet: 1312421140215242117263225132613191730, content length: 20
[15:32:46] [DEBUG] [main] [CLIENT] - Sent packet: 117341726320216213128133215201730, content length: 52
[15:32:46] [DEBUG] [main] [CLIENT] - Sent packet: 1312421140215242117263225132613191730, content length: 20
[15:32:50] [DEBUG] [main] [CLIENT] - Sent packet: 128212619, content length: 0
[15:32:50] [DEBUG] [main] [CLIENT] - Sent packet: 1312421140215242117263225132613191730, content length: 20
[15:32:50] [DEBUG] [main] [CLIENT] - Sent packet: 1312421140215242117263225132613191730, content length: 20
[15:32:50] [DEBUG] [main] [CLIENT] - Sent packet: 117341726320216213128133215201730, content length: 52
[15:32:50] [DEBUG] [main] [CLIENT] - Sent packet: 1312421140215242117263225132613191730, content length: 20
[15:32:50] [DEBUG] [main] [CLIENT] - Sent packet: 128212619, content length: 0
[15:32:51] [DEBUG] [main] [CLIENT] - Sent packet: 1312421140215242117263225132613191730, content length: 20
[15:32:51] [DEBUG] [main] [CLIENT] - Sent packet: 1312421140215242117263225132613191730, content length: 20
[15:32:51] [DEBUG] [main] [CLIENT] - Sent packet: 117341726320216213128133215201730, content length: 52
[15:32:51] [DEBUG] [main] [CLIENT] - Sent packet: 1312421140215242117263225132613191730, content length: 20
[15:33:08] [DEBUG] [main] [CLIENT] - Sent packet: 128212619, content length: 0
[15:33:09] [DEBUG] [main] [CLIENT] - Sent packet: 1312421140215242117263225132613191730, content length: 20
[15:33:09] [DEBUG] [main] [CLIENT] - Sent packet: 1312421140215242117263225132613191730, content length: 20
[15:33:09] [DEBUG] [main] [CLIENT] - Sent packet: 117341726320216213128133215201730, content length: 52
[15:33:09] [DEBUG] [RaTs! Client Connection Checker] [CLIENT] - Sent packet: 128212619, content length: 0
[15:33:09] [DEBUG] [RaTs! Client Connection Checker] [CLIENT] - Sent packet: 1312421140215242117263225132613191730, content length: 20
[15:33:09] [ERROR] [Packet processor Network Logger] [RATS-EVENT-MANAGER] - Event not recognized! Use the help event for a list of events.
[15:33:09] [DEBUG] [Packet processor dispatch-completion-processor] [CLIENT] - Sent packet: 1312421140215242117263225132613191730, content length: 20
[15:33:09] [DEBUG] [main] [CLIENT] - Sent packet: 1312421140215242117263225132613191730, content length: 20
[15:33:09] [DEBUG] [main] [CLIENT] - Sent packet: 128212619, content length: 0
[15:33:10] [DEBUG] [main] [CLIENT] - Sent packet: 1312421140215242117263225132613191730, content length: 20
[15:33:10] [DEBUG] [main] [CLIENT] - Sent packet: 1312421140215242117263225132613191730, content length: 20
[15:33:10] [DEBUG] [main] [CLIENT] - Sent packet: 117341726320216213128133215201730, content length: 52
[15:33:10] [DEBUG] [main] [CLIENT] - Sent packet: 1312421140215242117263225132613191730, content length: 20
[15:36:15] [DEBUG] [main] [CLIENT] - Sent packet: 128212619, content length: 0
[15:36:15] [DEBUG] [main] [CLIENT] - Sent packet: 1312421140215242117263225132613191730, content length: 20
[15:36:15] [DEBUG] [main] [CLIENT] - Sent packet: 1312421140215242117263225132613191730, content length: 20
[15:36:16] [DEBUG] [main] [CLIENT] - Sent packet: 117341726320216213128133215201730, content length: 52
[15:36:16] [DEBUG] [RaTs! Client Connection Checker] [CLIENT] - Sent packet: 128212619, content length: 0
[15:36:16] [DEBUG] [RaTs! Client Connection Checker] [CLIENT] - Sent packet: 1312421140215242117263225132613191730, content length: 20
[15:36:21] [DEBUG] [RaTs! Client Connection Checker] [CLIENT] - Sent packet: 128212619, content length: 0
[15:36:21] [DEBUG] [RaTs! Client Connection Checker] [CLIENT] - Sent packet: 1312421140215242117263225132613191730, content length: 20
[15:36:26] [DEBUG] [RaTs! Client Connection Checker] [CLIENT] - Sent packet: 128212619, content length: 0
[15:36:26] [DEBUG] [RaTs! Client Connection Checker] [CLIENT] - Sent packet: 1312421140215242117263225132613191730, content length: 20
[15:36:31] [DEBUG] [RaTs! Client Connection Checker] [CLIENT] - Sent packet: 128212619, content length: 0
[15:36:31] [DEBUG] [RaTs! Client Connection Checker] [CLIENT] - Sent packet: 1312421140215242117263225132613191730, content length: 20
[15:36:36] [DEBUG] [RaTs! Client Connection Checker] [CLIENT] - Sent packet: 128212619, content length: 0
[15:36:36] [DEBUG] [RaTs! Client Connection Checker] [CLIENT] - Sent packet: 1312421140215242117263225132613191730, content length: 20
[15:36:41] [DEBUG] [RaTs! Client Connection Checker] [CLIENT] - Sent packet: 128212619, content length: 0
[15:36:41] [DEBUG] [RaTs! Client Connection Checker] [CLIENT] - Sent packet: 1312421140215242117263225132613191730, content length: 20
[15:37:07] [DEBUG] [main] [CLIENT] - Sent packet: 128212619, content length: 0
[15:37:07] [DEBUG] [main] [CLIENT] - Sent packet: 1312421140215242117263225132613191730, content length: 20
[15:37:07] [DEBUG] [main] [CLIENT] - Sent packet: 1312421140215242117263225132613191730, content length: 20
[15:37:13] [DEBUG] [main] [CLIENT] - Sent packet: 117341726320216213128133215201730, content length: 52
[15:37:13] [DEBUG] [RaTs! Client Connection Checker] [CLIENT] - Sent packet: 128212619, content length: 0
[15:37:13] [DEBUG] [RaTs! Client Connection Checker] [CLIENT] - Sent packet: 1312421140215242117263225132613191730, content length: 20
[15:37:13] [ERROR] [Packet processor Network Logger] [RATS-EVENT-MANAGER] - Event not recognized! Use the help event for a list of events.
[15:37:13] [DEBUG] [Packet processor dispatch-completion-processor] [CLIENT] - Sent packet: 1312421140215242117263225132613191730, content length: 20
[15:37:13] [DEBUG] [main] [CLIENT] - Sent packet: 1312421140215242117263225132613191730, content length: 20
[15:37:13] [DEBUG] [main] [CLIENT] - Sent packet: 128212619, content length: 0
[15:37:13] [DEBUG] [main] [CLIENT] - Sent packet: 1312421140215242117263225132613191730, content length: 20
[15:37:13] [DEBUG] [main] [CLIENT] - Sent packet: 1312421140215242117263225132613191730, content length: 20
[15:37:14] [DEBUG] [main] [CLIENT] - Sent packet: 117341726320216213128133215201730, content length: 52
[15:37:14] [DEBUG] [main] [CLIENT] - Sent packet: 1312421140215242117263225132613191730, content length: 20
[15:37:35] [DEBUG] [main] [CLIENT] - Sent packet: 128212619, content length: 0
[15:37:35] [DEBUG] [main] [CLIENT] - Sent packet: 1312421140215242117263225132613191730, content length: 20
[15:37:35] [DEBUG] [main] [CLIENT] - Sent packet: 1312421140215242117263225132613191730, content length: 20
[15:37:36] [DEBUG] [main] [CLIENT] - Sent packet: 117341726320216213128133215201730, content length: 52
[15:37:36] [DEBUG] [main] [CLIENT] - Sent packet: 1312421140215242117263225132613191730, content length: 20
[15:37:36] [DEBUG] [main] [CLIENT] - Sent packet: 128212619, content length: 0
[15:37:36] [DEBUG] [main] [CLIENT] - Sent packet: 1312421140215242117263225132613191730, content length: 20
[15:37:36] [DEBUG] [main] [CLIENT] - Sent packet: 1312421140215242117263225132613191730, content length: 20
[15:37:36] [DEBUG] [main] [CLIENT] - Sent packet: 117341726320216213128133215201730, content length: 52
[15:37:36] [DEBUG] [main] [CLIENT] - Sent packet: 1312421140215242117263225132613191730, content length: 20
[15:37:40] [DEBUG] [main] [CLIENT] - Sent packet: 128212619, content length: 0
[15:37:41] [DEBUG] [main] [CLIENT] - Sent packet: 1312421140215242117263225132613191730, content length: 20
[15:37:41] [DEBUG] [main] [CLIENT] - Sent packet: 1312421140215242117263225132613191730, content length: 20
[15:37:41] [DEBUG] [main] [CLIENT] - Sent packet: 117341726320216213128133215201730, content length: 52
[15:37:41] [DEBUG] [main] [CLIENT] - Sent packet: 1312421140215242117263225132613191730, content length: 20
[15:37:41] [DEBUG] [main] [CLIENT] - Sent packet: 128212619, content length: 0
[15:37:41] [DEBUG] [main] [CLIENT] - Sent packet: 1312421140215242117263225132613191730, content length: 20
[15:37:41] [DEBUG] [main] [CLIENT] - Sent packet: 1312421140215242117263225132613191730, content length: 20
[15:37:41] [DEBUG] [main] [CLIENT] - Sent packet: 117341726320216213128133215201730, content length: 52
[15:37:41] [DEBUG] [main] [CLIENT] - Sent packet: 1312421140215242117263225132613191730, content length: 20
[15:37:43] [DEBUG] [main] [CLIENT] - Sent packet: 128212619, content length: 0
[15:37:43] [DEBUG] [main] [CLIENT] - Sent packet: 1312421140215242117263225132613191730, content length: 20
[15:37:43] [DEBUG] [main] [CLIENT] - Sent packet: 1312421140215242117263225132613191730, content length: 20
[15:37:44] [DEBUG] [main] [CLIENT] - Sent packet: 117341726320216213128133215201730, content length: 36
[15:37:44] [DEBUG] [main] [CLIENT] - Sent packet: 1312421140215242117263225132613191730, content length: 20
[15:37:44] [DEBUG] [main] [CLIENT] - Sent packet: 128212619, content length: 0
[15:37:44] [DEBUG] [main] [CLIENT] - Sent packet: 1312421140215242117263225132613191730, content length: 20
[15:37:44] [DEBUG] [main] [CLIENT] - Sent packet: 1312421140215242117263225132613191730, content length: 20
[15:37:44] [DEBUG] [main] [CLIENT] - Sent packet: 117341726320216213128133215201730, content length: 36
[15:37:44] [DEBUG] [main] [CLIENT] - Sent packet: 1312421140215242117263225132613191730, content length: 20
[15:38:23] [DEBUG] [main] [CLIENT] - Sent packet: 128212619, content length: 0
[15:38:23] [DEBUG] [main] [CLIENT] - Sent packet: 1312421140215242117263225132613191730, content length: 20
[15:38:23] [DEBUG] [main] [CLIENT] - Sent packet: 1312421140215242117263225132613191730, content length: 20
[15:38:24] [DEBUG] [main] [CLIENT] - Sent packet: 117341726320216213128133215201730, content length: 52
[15:38:24] [DEBUG] [main] [CLIENT] - Sent packet: 1312421140215242117263225132613191730, content length: 20
[15:38:24] [DEBUG] [main] [CLIENT] - Sent packet: 128212619, content length: 0
[15:38:24] [DEBUG] [main] [CLIENT] - Sent packet: 1312421140215242117263225132613191730, content length: 20
[15:38:24] [DEBUG] [main] [CLIENT] - Sent packet: 1312421140215242117263225132613191730, content length: 20
[15:38:24] [DEBUG] [main] [CLIENT] - Sent packet: 117341726320216213128133215201730, content length: 52
[15:38:24] [DEBUG] [main] [CLIENT] - Sent packet: 1312421140215242117263225132613191730, content length: 20
[15:38:53] [DEBUG] [main] [CLIENT] - Sent packet: 128212619, content length: 0
[15:38:53] [DEBUG] [main] [CLIENT] - Sent packet: 1312421140215242117263225132613191730, content length: 20
[15:38:53] [DEBUG] [main] [CLIENT] - Sent packet: 1312421140215242117263225132613191730, content length: 20
[15:38:53] [DEBUG] [main] [CLIENT] - Sent packet: 117341726320216213128133215201730, content length: 52
[15:38:53] [DEBUG] [RaTs! Client Connection Checker] [CLIENT] - Sent packet: 128212619, content length: 0
[15:38:53] [DEBUG] [RaTs! Client Connection Checker] [CLIENT] - Sent packet: 1312421140215242117263225132613191730, content length: 20
[15:38:53] [DEBUG] [Packet processor dispatch-completion-processor] [CLIENT] - Sent packet: 1312421140215242117263225132613191730, content length: 20
[15:38:53] [DEBUG] [main] [CLIENT] - Sent packet: 1312421140215242117263225132613191730, content length: 20
[15:38:53] [DEBUG] [main] [CLIENT] - Sent packet: 128212619, content length: 0
[15:38:54] [DEBUG] [main] [CLIENT] - Sent packet: 1312421140215242117263225132613191730, content length: 20
[15:38:54] [DEBUG] [main] [CLIENT] - Sent packet: 1312421140215242117263225132613191730, content length: 20
[15:38:54] [DEBUG] [main] [CLIENT] - Sent packet: 117341726320216213128133215201730, content length: 52
[15:38:54] [DEBUG] [main] [CLIENT] - Sent packet: 1312421140215242117263225132613191730, content length: 20
[15:38:55] [ERROR] [Packet processor Network Logger] [RATS-EVENT-MANAGER] - Event not recognized! Use the help event for a list of events.
[15:38:58] [DEBUG] [main] [CLIENT] - Sent packet: 128212619, content length: 0
[15:38:58] [DEBUG] [main] [CLIENT] - Sent packet: 1312421140215242117263225132613191730, content length: 20
[15:38:58] [DEBUG] [main] [CLIENT] - Sent packet: 1312421140215242117263225132613191730, content length: 20
[15:38:58] [DEBUG] [main] [CLIENT] - Sent packet: 117341726320216213128133215201730, content length: 52
[15:38:59] [DEBUG] [main] [CLIENT] - Sent packet: 1312421140215242117263225132613191730, content length: 20
[15:38:59] [DEBUG] [main] [CLIENT] - Sent packet: 128212619, content length: 0
[15:38:59] [DEBUG] [main] [CLIENT] - Sent packet: 1312421140215242117263225132613191730, content length: 20
[15:38:59] [DEBUG] [main] [CLIENT] - Sent packet: 1312421140215242117263225132613191730, content length: 20
[15:38:59] [DEBUG] [main] [CLIENT] - Sent packet: 117341726320216213128133215201730, content length: 52
[15:38:59] [DEBUG] [main] [CLIENT] - Sent packet: 1312421140215242117263225132613191730, content length: 20
[15:39:01] [DEBUG] [main] [CLIENT] - Sent packet: 128212619, content length: 0
[15:39:01] [DEBUG] [main] [CLIENT] - Sent packet: 1312421140215242117263225132613191730, content length: 20
[15:39:01] [DEBUG] [main] [CLIENT] - Sent packet: 1312421140215242117263225132613191730, content length: 20
[15:39:02] [DEBUG] [main] [CLIENT] - Sent packet: 117341726320216213128133215201730, content length: 52
[15:39:02] [DEBUG] [main] [CLIENT] - Sent packet: 1312421140215242117263225132613191730, content length: 20
[15:39:02] [DEBUG] [main] [CLIENT] - Sent packet: 128212619, content length: 0
[15:39:02] [DEBUG] [main] [CLIENT] - Sent packet: 1312421140215242117263225132613191730, content length: 20
[15:39:02] [DEBUG] [main] [CLIENT] - Sent packet: 1312421140215242117263225132613191730, content length: 20
[15:39:02] [DEBUG] [main] [CLIENT] - Sent packet: 117341726320216213128133215201730, content length: 52
[15:39:02] [DEBUG] [main] [CLIENT] - Sent packet: 1312421140215242117263225132613191730, content length: 20
[15:42:58] [DEBUG] [main] [CLIENT] - Sent packet: 128212619, content length: 0
[15:42:59] [DEBUG] [main] [CLIENT] - Sent packet: 1312421140215242117263225132613191730, content length: 20
[15:42:59] [DEBUG] [main] [CLIENT] - Sent packet: 1312421140215242117263225132613191730, content length: 20
[15:42:59] [DEBUG] [main] [CLIENT] - Sent packet: 117341726320216213128133215201730, content length: 52
[15:42:59] [DEBUG] [RaTs! Client Connection Checker] [CLIENT] - Sent packet: 128212619, content length: 0
[15:42:59] [DEBUG] [RaTs! Client Connection Checker] [CLIENT] - Sent packet: 1312421140215242117263225132613191730, content length: 20
[15:43:04] [DEBUG] [RaTs! Client Connection Checker] [CLIENT] - Sent packet: 128212619, content length: 0
[15:43:04] [DEBUG] [RaTs! Client Connection Checker] [CLIENT] - Sent packet: 1312421140215242117263225132613191730, content length: 20
[15:43:09] [DEBUG] [RaTs! Client Connection Checker] [CLIENT] - Sent packet: 128212619, content length: 0
[15:43:09] [DEBUG] [RaTs! Client Connection Checker] [CLIENT] - Sent packet: 1312421140215242117263225132613191730, content length: 20
[15:43:14] [DEBUG] [RaTs! Client Connection Checker] [CLIENT] - Sent packet: 128212619, content length: 0
[15:43:14] [DEBUG] [RaTs! Client Connection Checker] [CLIENT] - Sent packet: 1312421140215242117263225132613191730, content length: 20
[15:43:19] [DEBUG] [RaTs! Client Connection Checker] [CLIENT] - Sent packet: 128212619, content length: 0
[15:43:20] [DEBUG] [RaTs! Client Connection Checker] [CLIENT] - Sent packet: 1312421140215242117263225132613191730, content length: 20
[15:43:25] [DEBUG] [RaTs! Client Connection Checker] [CLIENT] - Sent packet: 128212619, content length: 0
[15:43:25] [DEBUG] [RaTs! Client Connection Checker] [CLIENT] - Sent packet: 1312421140215242117263225132613191730, content length: 20
[15:43:30] [DEBUG] [RaTs! Client Connection Checker] [CLIENT] - Sent packet: 128212619, content length: 0
[15:43:30] [DEBUG] [RaTs! Client Connection Checker] [CLIENT] - Sent packet: 1312421140215242117263225132613191730, content length: 20
[15:43:35] [DEBUG] [RaTs! Client Connection Checker] [CLIENT] - Sent packet: 128212619, content length: 0
[15:43:35] [DEBUG] [RaTs! Client Connection Checker] [CLIENT] - Sent packet: 1312421140215242117263225132613191730, content length: 20
[15:43:40] [DEBUG] [RaTs! Client Connection Checker] [CLIENT] - Sent packet: 128212619, content length: 0
[15:43:40] [DEBUG] [RaTs! Client Connection Checker] [CLIENT] - Sent packet: 1312421140215242117263225132613191730, content length: 20
[15:43:45] [DEBUG] [RaTs! Client Connection Checker] [CLIENT] - Sent packet: 128212619, content length: 0
[15:43:45] [DEBUG] [RaTs! Client Connection Checker] [CLIENT] - Sent packet: 1312421140215242117263225132613191730, content length: 20
[15:43:50] [DEBUG] [RaTs! Client Connection Checker] [CLIENT] - Sent packet: 128212619, content length: 0
[15:43:50] [DEBUG] [RaTs! Client Connection Checker] [CLIENT] - Sent packet: 1312421140215242117263225132613191730, content length: 20
[15:43:55] [DEBUG] [RaTs! Client Connection Checker] [CLIENT] - Sent packet: 128212619, content length: 0
[15:43:55] [DEBUG] [RaTs! Client Connection Checker] [CLIENT] - Sent packet: 1312421140215242117263225132613191730, content length: 20
[15:44:00] [DEBUG] [RaTs! Client Connection Checker] [CLIENT] - Sent packet: 128212619, content length: 0
[15:44:00] [DEBUG] [RaTs! Client Connection Checker] [CLIENT] - Sent packet: 1312421140215242117263225132613191730, content length: 20
[15:44:05] [DEBUG] [RaTs! Client Connection Checker] [CLIENT] - Sent packet: 128212619, content length: 0
[15:44:05] [DEBUG] [RaTs! Client Connection Checker] [CLIENT] - Sent packet: 1312421140215242117263225132613191730, content length: 20
[15:44:10] [DEBUG] [RaTs! Client Connection Checker] [CLIENT] - Sent packet: 128212619, content length: 0
[15:44:11] [DEBUG] [RaTs! Client Connection Checker] [CLIENT] - Sent packet: 1312421140215242117263225132613191730, content length: 20
[15:44:16] [DEBUG] [RaTs! Client Connection Checker] [CLIENT] - Sent packet: 128212619, content length: 0
[15:44:16] [DEBUG] [RaTs! Client Connection Checker] [CLIENT] - Sent packet: 1312421140215242117263225132613191730, content length: 20
[15:44:21] [DEBUG] [RaTs! Client Connection Checker] [CLIENT] - Sent packet: 128212619, content length: 0
[15:44:21] [DEBUG] [RaTs! Client Connection Checker] [CLIENT] - Sent packet: 1312421140215242117263225132613191730, content length: 20
[15:44:26] [DEBUG] [RaTs! Client Connection Checker] [CLIENT] - Sent packet: 128212619, content length: 0
[15:44:31] [DEBUG] [main] [CLIENT] - Sent packet: 128212619, content length: 0
[15:44:31] [DEBUG] [main] [CLIENT] - Sent packet: 1312421140215242117263225132613191730, content length: 20
[15:44:31] [DEBUG] [main] [CLIENT] - Sent packet: 1312421140215242117263225132613191730, content length: 20
[15:44:31] [DEBUG] [main] [CLIENT] - Sent packet: 117341726320216213128133215201730, content length: 52
[15:44:31] [DEBUG] [RaTs! Client Connection Checker] [CLIENT] - Sent packet: 128212619, content length: 0
[15:44:31] [DEBUG] [RaTs! Client Connection Checker] [CLIENT] - Sent packet: 1312421140215242117263225132613191730, content length: 20
[15:44:31] [ERROR] [Packet processor Network Logger] [RATS-EVENT-MANAGER] - Event not recognized! Use the help event for a list of events.
[15:44:32] [DEBUG] [Packet processor dispatch-completion-processor] [CLIENT] - Sent packet: 1312421140215242117263225132613191730, content length: 20
[15:44:32] [DEBUG] [main] [CLIENT] - Sent packet: 1312421140215242117263225132613191730, content length: 20
[15:44:32] [DEBUG] [main] [CLIENT] - Sent packet: 128212619, content length: 0
[15:44:32] [DEBUG] [main] [CLIENT] - Sent packet: 1312421140215242117263225132613191730, content length: 20
[15:44:32] [DEBUG] [main] [CLIENT] - Sent packet: 1312421140215242117263225132613191730, content length: 20
[15:44:32] [DEBUG] [main] [CLIENT] - Sent packet: 117341726320216213128133215201730, content length: 52
[15:44:32] [DEBUG] [main] [CLIENT] - Sent packet: 1312421140215242117263225132613191730, content length: 20
[15:45:08] [DEBUG] [main] [CLIENT] - Sent packet: 128212619, content length: 0
[15:45:08] [DEBUG] [main] [CLIENT] - Sent packet: 1312421140215242117263225132613191730, content length: 20
[15:45:08] [DEBUG] [main] [CLIENT] - Sent packet: 1312421140215242117263225132613191730, content length: 20
[15:45:08] [DEBUG] [main] [CLIENT] - Sent packet: 117341726320216213128133215201730, content length: 52
[15:45:08] [DEBUG] [RaTs! Client Connection Checker] [CLIENT] - Sent packet: 128212619, content length: 0
[15:45:08] [DEBUG] [RaTs! Client Connection Checker] [CLIENT] - Sent packet: 1312421140215242117263225132613191730, content length: 20
[15:45:09] [ERROR] [Packet processor Network Logger] [RATS-EVENT-MANAGER] - Event not recognized! Use the help event for a list of events.
[15:45:09] [DEBUG] [Packet processor dispatch-completion-processor] [CLIENT] - Sent packet: 1312421140215242117263225132613191730, content length: 20
[15:45:09] [DEBUG] [main] [CLIENT] - Sent packet: 1312421140215242117263225132613191730, content length: 20
[15:45:09] [DEBUG] [main] [CLIENT] - Sent packet: 128212619, content length: 0
[15:45:09] [DEBUG] [main] [CLIENT] - Sent packet: 1312421140215242117263225132613191730, content length: 20
[15:45:09] [DEBUG] [main] [CLIENT] - Sent packet: 1312421140215242117263225132613191730, content length: 20
[15:45:09] [DEBUG] [main] [CLIENT] - Sent packet: 117341726320216213128133215201730, content length: 52
[15:45:09] [DEBUG] [main] [CLIENT] - Sent packet: 1312421140215242117263225132613191730, content length: 20
[15:45:11] [DEBUG] [main] [CLIENT] - Sent packet: 128212619, content length: 0
[15:45:12] [DEBUG] [main] [CLIENT] - Sent packet: 1312421140215242117263225132613191730, content length: 20
[15:45:12] [DEBUG] [main] [CLIENT] - Sent packet: 1312421140215242117263225132613191730, content length: 20
[15:45:12] [DEBUG] [main] [CLIENT] - Sent packet: 117341726320216213128133215201730, content length: 52
[15:45:12] [DEBUG] [main] [CLIENT] - Sent packet: 1312421140215242117263225132613191730, content length: 20
[15:45:12] [DEBUG] [main] [CLIENT] - Sent packet: 128212619, content length: 0
[15:45:12] [DEBUG] [main] [CLIENT] - Sent packet: 1312421140215242117263225132613191730, content length: 20
[15:45:12] [DEBUG] [main] [CLIENT] - Sent packet: 1312421140215242117263225132613191730, content length: 20
[15:45:12] [DEBUG] [main] [CLIENT] - Sent packet: 117341726320216213128133215201730, content length: 52
[15:45:12] [DEBUG] [main] [CLIENT] - Sent packet: 1312421140215242117263225132613191730, content length: 20
[15:45:15] [DEBUG] [main] [CLIENT] - Sent packet: 128212619, content length: 0
[15:45:15] [DEBUG] [main] [CLIENT] - Sent packet: 1312421140215242117263225132613191730, content length: 20
[15:45:15] [DEBUG] [main] [CLIENT] - Sent packet: 1312421140215242117263225132613191730, content length: 20
[15:45:15] [DEBUG] [main] [CLIENT] - Sent packet: 117341726320216213128133215201730, content length: 52
[15:45:15] [DEBUG] [main] [CLIENT] - Sent packet: 1312421140215242117263225132613191730, content length: 20
[15:45:15] [DEBUG] [main] [CLIENT] - Sent packet: 128212619, content length: 0
[15:45:15] [DEBUG] [main] [CLIENT] - Sent packet: 1312421140215242117263225132613191730, content length: 20
[15:45:15] [DEBUG] [main] [CLIENT] - Sent packet: 1312421140215242117263225132613191730, content length: 20
[15:45:15] [DEBUG] [main] [CLIENT] - Sent packet: 117341726320216213128133215201730, content length: 52
[15:45:15] [DEBUG] [main] [CLIENT] - Sent packet: 1312421140215242117263225132613191730, content length: 20
[15:45:27] [DEBUG] [main] [CLIENT] - Sent packet: 128212619, content length: 0
[15:45:27] [DEBUG] [main] [CLIENT] - Sent packet: 1312421140215242117263225132613191730, content length: 20
[15:45:27] [DEBUG] [main] [CLIENT] - Sent packet: 1312421140215242117263225132613191730, content length: 20
[15:45:27] [DEBUG] [main] [CLIENT] - Sent packet: 117341726320216213128133215201730, content length: 52
[15:45:27] [DEBUG] [main] [CLIENT] - Sent packet: 1312421140215242117263225132613191730, content length: 20
[15:45:27] [DEBUG] [main] [CLIENT] - Sent packet: 128212619, content length: 0
[15:45:27] [DEBUG] [main] [CLIENT] - Sent packet: 1312421140215242117263225132613191730, content length: 20
[15:45:27] [DEBUG] [main] [CLIENT] - Sent packet: 1312421140215242117263225132613191730, content length: 20
[15:45:27] [DEBUG] [main] [CLIENT] - Sent packet: 117341726320216213128133215201730, content length: 52
[15:45:27] [DEBUG] [main] [CLIENT] - Sent packet: 1312421140215242117263225132613191730, content length: 20
[15:45:29] [DEBUG] [main] [CLIENT] - Sent packet: 128212619, content length: 0
[15:45:30] [DEBUG] [main] [CLIENT] - Sent packet: 1312421140215242117263225132613191730, content length: 20
[15:45:30] [DEBUG] [main] [CLIENT] - Sent packet: 1312421140215242117263225132613191730, content length: 20
[15:45:30] [DEBUG] [main] [CLIENT] - Sent packet: 117341726320216213128133215201730, content length: 52
[15:45:30] [DEBUG] [main] [CLIENT] - Sent packet: 1312421140215242117263225132613191730, content length: 20
[15:45:30] [DEBUG] [main] [CLIENT] - Sent packet: 128212619, content length: 0
[15:45:30] [DEBUG] [main] [CLIENT] - Sent packet: 1312421140215242117263225132613191730, content length: 20
[15:45:30] [DEBUG] [main] [CLIENT] - Sent packet: 1312421140215242117263225132613191730, content length: 20
[15:45:30] [DEBUG] [main] [CLIENT] - Sent packet: 117341726320216213128133215201730, content length: 52
[15:45:30] [DEBUG] [main] [CLIENT] - Sent packet: 1312421140215242117263225132613191730, content length: 20
[15:45:38] [DEBUG] [main] [CLIENT] - Sent packet: 128212619, content length: 0
[15:45:38] [DEBUG] [main] [CLIENT] - Sent packet: 1312421140215242117263225132613191730, content length: 20
[15:45:38] [DEBUG] [main] [CLIENT] - Sent packet: 1312421140215242117263225132613191730, content length: 20
[15:45:39] [DEBUG] [main] [CLIENT] - Sent packet: 117341726320216213128133215201730, content length: 52
[15:45:39] [DEBUG] [main] [CLIENT] - Sent packet: 1312421140215242117263225132613191730, content length: 20
[15:45:39] [DEBUG] [main] [CLIENT] - Sent packet: 128212619, content length: 0
[15:45:39] [DEBUG] [main] [CLIENT] - Sent packet: 1312421140215242117263225132613191730, content length: 20
[15:45:39] [DEBUG] [main] [CLIENT] - Sent packet: 1312421140215242117263225132613191730, content length: 20
[15:45:39] [DEBUG] [main] [CLIENT] - Sent packet: 117341726320216213128133215201730, content length: 52
[15:45:39] [DEBUG] [main] [CLIENT] - Sent packet: 1312421140215242117263225132613191730, content length: 20
[15:46:21] [DEBUG] [main] [CLIENT] - Sent packet: 128212619, content length: 0
[15:46:21] [DEBUG] [main] [CLIENT] - Sent packet: 1312421140215242117263225132613191730, content length: 20
[15:46:21] [DEBUG] [main] [CLIENT] - Sent packet: 1312421140215242117263225132613191730, content length: 20
[15:46:25] [DEBUG] [main] [CLIENT] - Sent packet: 117341726320216213128133215201730, content length: 52
[15:46:25] [DEBUG] [main] [CLIENT] - Sent packet: 1312421140215242117263225132613191730, content length: 20
[15:47:24] [DEBUG] [main] [CLIENT] - Sent packet: 128212619, content length: 0
[15:47:24] [DEBUG] [main] [CLIENT] - Sent packet: 1312421140215242117263225132613191730, content length: 20
[15:47:24] [DEBUG] [main] [CLIENT] - Sent packet: 1312421140215242117263225132613191730, content length: 20
[15:47:25] [DEBUG] [main] [CLIENT] - Sent packet: 117341726320216213128133215201730, content length: 52
[15:47:25] [DEBUG] [RaTs! Client Connection Checker] [CLIENT] - Sent packet: 128212619, content length: 0
[15:47:25] [DEBUG] [RaTs! Client Connection Checker] [CLIENT] - Sent packet: 1312421140215242117263225132613191730, content length: 20
[15:47:25] [ERROR] [Packet processor Network Logger] [RATS-EVENT-MANAGER] - Event not recognized! Use the help event for a list of events.
[15:47:25] [DEBUG] [Packet processor dispatch-completion-processor] [CLIENT] - Sent packet: 1312421140215242117263225132613191730, content length: 20
[15:47:25] [DEBUG] [main] [CLIENT] - Sent packet: 1312421140215242117263225132613191730, content length: 20
[15:47:25] [DEBUG] [RaTs! Client Connection Checker] [CLIENT] - Sent packet: 128212619, content length: 0
[15:47:25] [DEBUG] [main] [CLIENT] - Sent packet: 128212619, content length: 0
[15:47:25] [DEBUG] [RaTs! Client Connection Checker] [CLIENT] - Sent packet: 1312421140215242117263225132613191730, content length: 20
[15:47:25] [DEBUG] [main] [CLIENT] - Sent packet: 1312421140215242117263225132613191730, content length: 20
[15:47:25] [DEBUG] [main] [CLIENT] - Sent packet: 1312421140215242117263225132613191730, content length: 20
[15:47:26] [DEBUG] [main] [CLIENT] - Sent packet: 117341726320216213128133215201730, content length: 52
[15:47:26] [DEBUG] [main] [CLIENT] - Sent packet: 1312421140215242117263225132613191730, content length: 20
[15:47:26] [DEBUG] [RaTs! Client Connection Checker] [CLIENT] - Sent packet: 128212619, content length: 0
[15:47:27] [DEBUG] [main] [CLIENT] - Sent packet: 128212619, content length: 0
[15:47:28] [DEBUG] [main] [CLIENT] - Sent packet: 1312421140215242117263225132613191730, content length: 20
[15:47:28] [DEBUG] [main] [CLIENT] - Sent packet: 1312421140215242117263225132613191730, content length: 20
[15:47:28] [DEBUG] [main] [CLIENT] - Sent packet: 117341726320216213128133215201730, content length: 52
[15:47:28] [DEBUG] [main] [CLIENT] - Sent packet: 1312421140215242117263225132613191730, content length: 20
[15:47:28] [DEBUG] [main] [CLIENT] - Sent packet: 128212619, content length: 0
[15:47:28] [DEBUG] [main] [CLIENT] - Sent packet: 1312421140215242117263225132613191730, content length: 20
[15:47:28] [DEBUG] [main] [CLIENT] - Sent packet: 1312421140215242117263225132613191730, content length: 20
[15:47:28] [DEBUG] [main] [CLIENT] - Sent packet: 117341726320216213128133215201730, content length: 52
[15:47:28] [DEBUG] [main] [CLIENT] - Sent packet: 1312421140215242117263225132613191730, content length: 20
[15:47:38] [DEBUG] [main] [CLIENT] - Sent packet: 128212619, content length: 0
[15:47:38] [DEBUG] [main] [CLIENT] - Sent packet: 1312421140215242117263225132613191730, content length: 20
[15:47:38] [DEBUG] [main] [CLIENT] - Sent packet: 1312421140215242117263225132613191730, content length: 20
[15:47:50] [DEBUG] [main] [CLIENT] - Sent packet: 117341726320216213128133215201730, content length: 52
[15:47:50] [DEBUG] [main] [CLIENT] - Sent packet: 1312421140215242117263225132613191730, content length: 20
[15:47:50] [DEBUG] [main] [CLIENT] - Sent packet: 128212619, content length: 0
[15:47:50] [DEBUG] [main] [CLIENT] - Sent packet: 1312421140215242117263225132613191730, content length: 20
[15:47:50] [DEBUG] [main] [CLIENT] - Sent packet: 1312421140215242117263225132613191730, content length: 20
[15:48:45] [DEBUG] [main] [CLIENT] - Sent packet: 117341726320216213128133215201730, content length: 52
[15:48:45] [DEBUG] [main] [CLIENT] - Sent packet: 1312421140215242117263225132613191730, content length: 20
[15:49:11] [DEBUG] [main] [CLIENT] - Sent packet: 128212619, content length: 0
[15:49:11] [DEBUG] [main] [CLIENT] - Sent packet: 1312421140215242117263225132613191730, content length: 20
[15:49:11] [DEBUG] [main] [CLIENT] - Sent packet: 1312421140215242117263225132613191730, content length: 20
[15:49:25] [DEBUG] [main] [CLIENT] - Sent packet: 117341726320216213128133215201730, content length: 52
[15:49:25] [DEBUG] [main] [CLIENT] - Sent packet: 1312421140215242117263225132613191730, content length: 20
[15:49:25] [DEBUG] [main] [CLIENT] - Sent packet: 128212619, content length: 0
[15:49:25] [DEBUG] [main] [CLIENT] - Sent packet: 1312421140215242117263225132613191730, content length: 20
[15:49:25] [DEBUG] [main] [CLIENT] - Sent packet: 1312421140215242117263225132613191730, content length: 20
[15:49:59] [DEBUG] [main] [CLIENT] - Sent packet: 117341726320216213128133215201730, content length: 52
[15:49:59] [DEBUG] [main] [CLIENT] - Sent packet: 1312421140215242117263225132613191730, content length: 20
[15:50:46] [DEBUG] [main] [CLIENT] - Sent packet: 128212619, content length: 0
[15:50:46] [DEBUG] [main] [CLIENT] - Sent packet: 1312421140215242117263225132613191730, content length: 20
[15:50:46] [DEBUG] [main] [CLIENT] - Sent packet: 1312421140215242117263225132613191730, content length: 20
[15:50:50] [DEBUG] [Packet processor Disconnect processor] [CLIENT] - Sent packet: 1312421140215242117263225132613191730, content length: 20
[15:50:52] [DEBUG] [main] [CLIENT] - Sent packet: 117341726320216213128133215201730, content length: 52
[15:50:52] [DEBUG] [main] [CLIENT] - Sent packet: 128212619, content length: 0
[15:50:52] [DEBUG] [main] [CLIENT] - Sent packet: 1312421140215242117263225132613191730, content length: 20
[15:50:52] [DEBUG] [main] [CLIENT] - Sent packet: 1312421140215242117263225132613191730, content length: 20
[15:50:53] [DEBUG] [main] [CLIENT] - Sent packet: 117341726320216213128133215201730, content length: 52
[15:50:53] [DEBUG] [main] [CLIENT] - Sent packet: 1312421140215242117263225132613191730, content length: 20
[15:51:05] [DEBUG] [main] [CLIENT] - Sent packet: 128212619, content length: 0
[15:51:05] [DEBUG] [main] [CLIENT] - Sent packet: 1312421140215242117263225132613191730, content length: 20
[15:51:05] [DEBUG] [main] [CLIENT] - Sent packet: 1312421140215242117263225132613191730, content length: 20
[15:51:06] [DEBUG] [main] [CLIENT] - Sent packet: 117341726320216213128133215201730, content length: 52
[15:51:06] [DEBUG] [main] [CLIENT] - Sent packet: 1312421140215242117263225132613191730, content length: 20
[15:51:06] [DEBUG] [main] [CLIENT] - Sent packet: 128212619, content length: 0
[15:51:06] [DEBUG] [main] [CLIENT] - Sent packet: 1312421140215242117263225132613191730, content length: 20
[15:51:06] [DEBUG] [main] [CLIENT] - Sent packet: 1312421140215242117263225132613191730, content length: 20
[15:51:06] [DEBUG] [main] [CLIENT] - Sent packet: 117341726320216213128133215201730, content length: 52
[15:51:06] [DEBUG] [main] [CLIENT] - Sent packet: 1312421140215242117263225132613191730, content length: 20
[15:51:08] [DEBUG] [main] [CLIENT] - Sent packet: 128212619, content length: 0
[15:51:08] [DEBUG] [main] [CLIENT] - Sent packet: 1312421140215242117263225132613191730, content length: 20
[15:51:08] [DEBUG] [main] [CLIENT] - Sent packet: 1312421140215242117263225132613191730, content length: 20
[15:51:08] [DEBUG] [main] [CLIENT] - Sent packet: 117341726320216213128133215201730, content length: 52
[15:51:09] [DEBUG] [main] [CLIENT] - Sent packet: 1312421140215242117263225132613191730, content length: 20
[15:51:09] [DEBUG] [main] [CLIENT] - Sent packet: 128212619, content length: 0
[15:51:09] [DEBUG] [main] [CLIENT] - Sent packet: 1312421140215242117263225132613191730, content length: 20
[15:51:09] [DEBUG] [main] [CLIENT] - Sent packet: 1312421140215242117263225132613191730, content length: 20
[15:51:09] [DEBUG] [main] [CLIENT] - Sent packet: 117341726320216213128133215201730, content length: 52
[15:51:09] [DEBUG] [main] [CLIENT] - Sent packet: 1312421140215242117263225132613191730, content length: 20
[15:51:18] [DEBUG] [main] [CLIENT] - Sent packet: 128212619, content length: 0
[15:51:18] [DEBUG] [main] [CLIENT] - Sent packet: 1312421140215242117263225132613191730, content length: 20
[15:51:18] [DEBUG] [main] [CLIENT] - Sent packet: 1312421140215242117263225132613191730, content length: 20
[15:51:18] [DEBUG] [main] [CLIENT] - Sent packet: 117341726320216213128133215201730, content length: 52
[15:51:18] [DEBUG] [main] [CLIENT] - Sent packet: 1312421140215242117263225132613191730, content length: 20
[15:51:18] [DEBUG] [main] [CLIENT] - Sent packet: 128212619, content length: 0
[15:51:18] [DEBUG] [main] [CLIENT] - Sent packet: 1312421140215242117263225132613191730, content length: 20
[15:51:18] [DEBUG] [main] [CLIENT] - Sent packet: 1312421140215242117263225132613191730, content length: 20
[15:51:18] [DEBUG] [main] [CLIENT] - Sent packet: 117341726320216213128133215201730, content length: 52
[15:51:18] [DEBUG] [main] [CLIENT] - Sent packet: 1312421140215242117263225132613191730, content length: 20
[15:52:05] [DEBUG] [main] [CLIENT] - Sent packet: 128212619, content length: 0
[15:52:05] [DEBUG] [main] [CLIENT] - Sent packet: 1312421140215242117263225132613191730, content length: 20
[15:52:05] [DEBUG] [main] [CLIENT] - Sent packet: 1312421140215242117263225132613191730, content length: 20
[15:52:06] [DEBUG] [main] [CLIENT] - Sent packet: 117341726320216213128133215201730, content length: 52
[15:52:06] [DEBUG] [main] [CLIENT] - Sent packet: 1312421140215242117263225132613191730, content length: 20
[15:52:06] [DEBUG] [main] [CLIENT] - Sent packet: 128212619, content length: 0
[15:52:06] [DEBUG] [main] [CLIENT] - Sent packet: 1312421140215242117263225132613191730, content length: 20
[15:52:06] [DEBUG] [main] [CLIENT] - Sent packet: 1312421140215242117263225132613191730, content length: 20
[15:52:06] [DEBUG] [main] [CLIENT] - Sent packet: 117341726320216213128133215201730, content length: 52
[15:52:06] [DEBUG] [main] [CLIENT] - Sent packet: 1312421140215242117263225132613191730, content length: 20
[15:52:22] [DEBUG] [main] [CLIENT] - Sent packet: 128212619, content length: 0
[15:52:22] [DEBUG] [main] [CLIENT] - Sent packet: 1312421140215242117263225132613191730, content length: 20
[15:52:22] [DEBUG] [main] [CLIENT] - Sent packet: 1312421140215242117263225132613191730, content length: 20
[15:52:22] [DEBUG] [main] [CLIENT] - Sent packet: 117341726320216213128133215201730, content length: 52
[15:52:22] [DEBUG] [main] [CLIENT] - Sent packet: 1312421140215242117263225132613191730, content length: 20
[15:52:22] [DEBUG] [main] [CLIENT] - Sent packet: 128212619, content length: 0
[15:52:22] [DEBUG] [main] [CLIENT] - Sent packet: 1312421140215242117263225132613191730, content length: 20
[15:52:22] [DEBUG] [main] [CLIENT] - Sent packet: 1312421140215242117263225132613191730, content length: 20
[15:52:23] [DEBUG] [main] [CLIENT] - Sent packet: 117341726320216213128133215201730, content length: 52
[15:52:23] [DEBUG] [main] [CLIENT] - Sent packet: 1312421140215242117263225132613191730, content length: 20
[15:53:09] [DEBUG] [main] [CLIENT] - Sent packet: 128212619, content length: 0
[15:53:10] [DEBUG] [main] [CLIENT] - Sent packet: 1312421140215242117263225132613191730, content length: 20
[15:53:10] [DEBUG] [main] [CLIENT] - Sent packet: 1312421140215242117263225132613191730, content length: 20
[15:53:10] [DEBUG] [main] [CLIENT] - Sent packet: 117341726320216213128133215201730, content length: 52
[15:53:10] [DEBUG] [main] [CLIENT] - Sent packet: 1312421140215242117263225132613191730, content length: 20
[15:53:10] [DEBUG] [main] [CLIENT] - Sent packet: 128212619, content length: 0
[15:53:10] [DEBUG] [main] [CLIENT] - Sent packet: 1312421140215242117263225132613191730, content length: 20
[15:53:10] [DEBUG] [main] [CLIENT] - Sent packet: 1312421140215242117263225132613191730, content length: 20
[15:53:10] [DEBUG] [main] [CLIENT] - Sent packet: 117341726320216213128133215201730, content length: 52
[15:53:10] [DEBUG] [main] [CLIENT] - Sent packet: 1312421140215242117263225132613191730, content length: 20
[15:53:19] [DEBUG] [main] [CLIENT] - Sent packet: 128212619, content length: 0
[15:53:19] [DEBUG] [main] [CLIENT] - Sent packet: 1312421140215242117263225132613191730, content length: 20
[15:53:19] [DEBUG] [main] [CLIENT] - Sent packet: 1312421140215242117263225132613191730, content length: 20
[15:53:19] [DEBUG] [main] [CLIENT] - Sent packet: 117341726320216213128133215201730, content length: 52
[15:53:19] [DEBUG] [main] [CLIENT] - Sent packet: 1312421140215242117263225132613191730, content length: 20
[15:53:19] [DEBUG] [main] [CLIENT] - Sent packet: 128212619, content length: 0
[15:53:19] [DEBUG] [main] [CLIENT] - Sent packet: 1312421140215242117263225132613191730, content length: 20
[15:53:19] [DEBUG] [main] [CLIENT] - Sent packet: 1312421140215242117263225132613191730, content length: 20
[15:53:20] [DEBUG] [main] [CLIENT] - Sent packet: 117341726320216213128133215201730, content length: 52
[15:53:20] [DEBUG] [main] [CLIENT] - Sent packet: 1312421140215242117263225132613191730, content length: 20
[15:55:10] [DEBUG] [main] [CLIENT] - Sent packet: 128212619, content length: 0
[15:55:11] [DEBUG] [main] [CLIENT] - Sent packet: 1312421140215242117263225132613191730, content length: 20
[15:55:11] [DEBUG] [main] [CLIENT] - Sent packet: 1312421140215242117263225132613191730, content length: 20
[15:55:11] [DEBUG] [main] [CLIENT] - Sent packet: 117341726320216213128133215201730, content length: 36
[15:55:11] [DEBUG] [RaTs! Client Connection Checker] [CLIENT] - Sent packet: 128212619, content length: 0
[15:55:11] [DEBUG] [RaTs! Client Connection Checker] [CLIENT] - Sent packet: 1312421140215242117263225132613191730, content length: 20
[15:55:11] [DEBUG] [Packet processor dispatch-completion-processor] [CLIENT] - Sent packet: 1312421140215242117263225132613191730, content length: 20
[15:55:11] [DEBUG] [main] [CLIENT] - Sent packet: 1312421140215242117263225132613191730, content length: 20
[15:55:24] [DEBUG] [main] [CLIENT] - Sent packet: 128212619, content length: 0
[15:55:24] [DEBUG] [main] [CLIENT] - Sent packet: 1312421140215242117263225132613191730, content length: 20
[15:55:24] [DEBUG] [main] [CLIENT] - Sent packet: 1312421140215242117263225132613191730, content length: 20
[15:55:25] [DEBUG] [main] [CLIENT] - Sent packet: 117341726320216213128133215201730, content length: 36
[15:55:25] [DEBUG] [RaTs! Client Connection Checker] [CLIENT] - Sent packet: 128212619, content length: 0
[15:55:25] [DEBUG] [RaTs! Client Connection Checker] [CLIENT] - Sent packet: 1312421140215242117263225132613191730, content length: 20
[15:55:25] [DEBUG] [Packet processor dispatch-completion-processor] [CLIENT] - Sent packet: 1312421140215242117263225132613191730, content length: 20
[15:55:25] [DEBUG] [main] [CLIENT] - Sent packet: 1312421140215242117263225132613191730, content length: 20
[15:55:25] [DEBUG] [RaTs! Client Connection Checker] [CLIENT] - Sent packet: 128212619, content length: 0
[15:55:25] [DEBUG] [Packet processor Disconnect processor] [CLIENT] - Sent packet: 1312421140215242117263225132613191730, content length: 20
[15:55:53] [DEBUG] [main] [CLIENT] - Sent packet: 128212619, content length: 0
[15:55:53] [DEBUG] [main] [CLIENT] - Sent packet: 1312421140215242117263225132613191730, content length: 20
[15:55:53] [DEBUG] [main] [CLIENT] - Sent packet: 1312421140215242117263225132613191730, content length: 20
[15:55:53] [DEBUG] [main] [CLIENT] - Sent packet: 117341726320216213128133215201730, content length: 52
[15:55:53] [DEBUG] [RaTs! Client Connection Checker] [CLIENT] - Sent packet: 128212619, content length: 0
[15:55:53] [DEBUG] [RaTs! Client Connection Checker] [CLIENT] - Sent packet: 1312421140215242117263225132613191730, content length: 20
[15:55:53] [ERROR] [Packet processor Network Logger] [RATS-EVENT-MANAGER] - Event not recognized! Use the help event for a list of events.
[15:55:54] [DEBUG] [Packet processor dispatch-completion-processor] [CLIENT] - Sent packet: 1312421140215242117263225132613191730, content length: 20
[15:55:54] [DEBUG] [main] [CLIENT] - Sent packet: 1312421140215242117263225132613191730, content length: 20
[15:56:25] [DEBUG] [main] [CLIENT] - Sent packet: 128212619, content length: 0
[15:56:26] [DEBUG] [main] [CLIENT] - Sent packet: 1312421140215242117263225132613191730, content length: 20
[15:56:26] [DEBUG] [main] [CLIENT] - Sent packet: 1312421140215242117263225132613191730, content length: 20
[15:56:26] [DEBUG] [main] [CLIENT] - Sent packet: 117341726320216213128133215201730, content length: 36
[15:56:26] [DEBUG] [RaTs! Client Connection Checker] [CLIENT] - Sent packet: 128212619, content length: 0
[15:56:26] [DEBUG] [RaTs! Client Connection Checker] [CLIENT] - Sent packet: 1312421140215242117263225132613191730, content length: 20
[15:56:31] [DEBUG] [RaTs! Client Connection Checker] [CLIENT] - Sent packet: 128212619, content length: 0
[15:56:31] [DEBUG] [RaTs! Client Connection Checker] [CLIENT] - Sent packet: 1312421140215242117263225132613191730, content length: 20
[15:56:36] [DEBUG] [RaTs! Client Connection Checker] [CLIENT] - Sent packet: 128212619, content length: 0
[15:56:36] [DEBUG] [RaTs! Client Connection Checker] [CLIENT] - Sent packet: 1312421140215242117263225132613191730, content length: 20
[15:56:41] [DEBUG] [RaTs! Client Connection Checker] [CLIENT] - Sent packet: 128212619, content length: 0
[15:56:41] [DEBUG] [RaTs! Client Connection Checker] [CLIENT] - Sent packet: 1312421140215242117263225132613191730, content length: 20
[15:56:42] [ERROR] [Packet processor Network Logger] [RATS-EVENT-MANAGER] - Event not recognized! Use the help event for a list of events.
[15:56:42] [DEBUG] [Packet processor dispatch-completion-processor] [CLIENT] - Sent packet: 1312421140215242117263225132613191730, content length: 20
[15:56:46] [DEBUG] [RaTs! Client Connection Checker] [CLIENT] - Sent packet: 128212619, content length: 0
[15:56:55] [DEBUG] [main] [CLIENT] - Sent packet: 128212619, content length: 0
[15:56:55] [DEBUG] [main] [CLIENT] - Sent packet: 1312421140215242117263225132613191730, content length: 20
[15:56:55] [DEBUG] [main] [CLIENT] - Sent packet: 1312421140215242117263225132613191730, content length: 20
[15:56:55] [DEBUG] [main] [CLIENT] - Sent packet: 117341726320216213128133215201730, content length: 36
[15:56:55] [DEBUG] [RaTs! Client Connection Checker] [CLIENT] - Sent packet: 128212619, content length: 0
[15:56:55] [DEBUG] [RaTs! Client Connection Checker] [CLIENT] - Sent packet: 1312421140215242117263225132613191730, content length: 20
[15:56:56] [ERROR] [Packet processor Network Logger] [RATS-EVENT-MANAGER] - Event not recognized! Use the help event for a list of events.
[15:56:56] [DEBUG] [Packet processor dispatch-completion-processor] [CLIENT] - Sent packet: 1312421140215242117263225132613191730, content length: 20
[15:56:56] [DEBUG] [main] [CLIENT] - Sent packet: 1312421140215242117263225132613191730, content length: 20
[15:57:21] [DEBUG] [main] [CLIENT] - Sent packet: 128212619, content length: 0
[15:57:22] [DEBUG] [main] [CLIENT] - Sent packet: 1312421140215242117263225132613191730, content length: 20
[15:57:22] [DEBUG] [main] [CLIENT] - Sent packet: 1312421140215242117263225132613191730, content length: 20
[15:57:22] [DEBUG] [main] [CLIENT] - Sent packet: 117341726320216213128133215201730, content length: 36
[15:57:22] [DEBUG] [RaTs! Client Connection Checker] [CLIENT] - Sent packet: 128212619, content length: 0
[15:57:22] [DEBUG] [RaTs! Client Connection Checker] [CLIENT] - Sent packet: 1312421140215242117263225132613191730, content length: 20
[15:57:22] [ERROR] [Packet processor Network Logger] [RATS-EVENT-MANAGER] - Event not recognized! Use the help event for a list of events.
[15:57:22] [DEBUG] [Packet processor dispatch-completion-processor] [CLIENT] - Sent packet: 1312421140215242117263225132613191730, content length: 20
[15:57:22] [DEBUG] [main] [CLIENT] - Sent packet: 1312421140215242117263225132613191730, content length: 20
[15:57:22] [DEBUG] [RaTs! Client Connection Checker] [CLIENT] - Sent packet: 128212619, content length: 0
